<?xml version="1.0" encoding="UTF-8"?>
<coverage generated="1638839509576" clover="3.2.0">
  <project timestamp="1638839509576" name="All files">
    <metrics statements="245" coveredstatements="191" conditionals="106" coveredconditionals="64" methods="32" coveredmethods="25" elements="383" coveredelements="280" complexity="0" loc="245" ncloc="245" packages="1" files="7" classes="7"/>
    <file name="GameClass.js" path="C:\Users\ianbe\Documents\git-repos\RPG_Project\static\javascript\Classes\GameClass.js">
      <metrics statements="20" coveredstatements="19" conditionals="8" coveredconditionals="4" methods="4" coveredmethods="4"/>
      <line num="8" count="1" type="stmt"/>
      <line num="9" count="1" type="stmt"/>
      <line num="10" count="1" type="stmt"/>
      <line num="14" count="1" type="stmt"/>
      <line num="15" count="2" type="stmt"/>
      <line num="17" count="1" type="stmt"/>
      <line num="18" count="2" type="stmt"/>
      <line num="19" count="2" type="stmt"/>
      <line num="24" count="1" type="stmt"/>
      <line num="25" count="2" type="stmt"/>
      <line num="40" count="2" type="cond" truecount="1" falsecount="1"/>
      <line num="41" count="2" type="stmt"/>
      <line num="43" count="2" type="cond" truecount="1" falsecount="1"/>
      <line num="44" count="2" type="stmt"/>
      <line num="50" count="1" type="stmt"/>
      <line num="51" count="2" type="stmt"/>
      <line num="66" count="2" type="cond" truecount="1" falsecount="1"/>
      <line num="67" count="2" type="stmt"/>
      <line num="69" count="2" type="cond" truecount="1" falsecount="1"/>
      <line num="70" count="0" type="stmt"/>
    </file>
    <file name="subAttack.js" path="C:\Users\ianbe\Documents\git-repos\RPG_Project\static\javascript\Classes\subAttack.js">
      <metrics statements="27" coveredstatements="25" conditionals="12" coveredconditionals="11" methods="4" coveredmethods="4"/>
      <line num="5" count="6" type="stmt"/>
      <line num="7" count="6" type="stmt"/>
      <line num="8" count="6" type="stmt"/>
      <line num="9" count="6" type="stmt"/>
      <line num="10" count="6" type="stmt"/>
      <line num="11" count="6" type="stmt"/>
      <line num="12" count="6" type="stmt"/>
      <line num="16" count="12" type="stmt"/>
      <line num="17" count="12" type="cond" truecount="1" falsecount="1"/>
      <line num="18" count="0" type="stmt"/>
      <line num="20" count="12" type="stmt"/>
      <line num="21" count="12" type="stmt"/>
      <line num="25" count="12" type="cond" truecount="4" falsecount="0"/>
      <line num="26" count="1" type="stmt"/>
      <line num="28" count="11" type="cond" truecount="4" falsecount="0"/>
      <line num="29" count="6" type="stmt"/>
      <line num="32" count="5" type="stmt"/>
      <line num="37" count="12" type="stmt"/>
      <line num="38" count="12" type="cond" truecount="2" falsecount="0"/>
      <line num="39" count="1" type="stmt"/>
      <line num="42" count="11" type="stmt"/>
      <line num="47" count="12" type="stmt"/>
      <line num="48" count="12" type="stmt"/>
      <line num="52" count="12" type="stmt"/>
      <line num="54" count="12" type="stmt"/>
      <line num="55" count="0" type="stmt"/>
      <line num="58" count="12" type="stmt"/>
    </file>
    <file name="subCharacter.js" path="C:\Users\ianbe\Documents\git-repos\RPG_Project\static\javascript\Classes\subCharacter.js">
      <metrics statements="4" coveredstatements="3" conditionals="0" coveredconditionals="0" methods="2" coveredmethods="1"/>
      <line num="9" count="2" type="stmt"/>
      <line num="15" count="2" type="stmt"/>
      <line num="16" count="2" type="stmt"/>
      <line num="27" count="0" type="stmt"/>
    </file>
    <file name="subEnemy.js" path="C:\Users\ianbe\Documents\git-repos\RPG_Project\static\javascript\Classes\subEnemy.js">
      <metrics statements="47" coveredstatements="42" conditionals="22" coveredconditionals="18" methods="7" coveredmethods="6"/>
      <line num="9" count="2" type="stmt"/>
      <line num="10" count="2" type="stmt"/>
      <line num="17" count="2" type="stmt"/>
      <line num="18" count="4" type="stmt"/>
      <line num="37" count="29" type="stmt"/>
      <line num="38" count="29" type="stmt"/>
      <line num="39" count="58" type="cond" truecount="4" falsecount="0"/>
      <line num="41" count="13" type="stmt"/>
      <line num="47" count="29" type="stmt"/>
      <line num="48" count="29" type="stmt"/>
      <line num="49" count="58" type="cond" truecount="1" falsecount="1"/>
      <line num="50" count="58" type="cond" truecount="2" falsecount="0"/>
      <line num="51" count="58" type="stmt"/>
      <line num="52" count="58" type="cond" truecount="2" falsecount="0"/>
      <line num="56" count="0" type="stmt"/>
      <line num="61" count="29" type="stmt"/>
      <line num="62" count="45" type="cond" truecount="2" falsecount="0"/>
      <line num="63" count="29" type="stmt"/>
      <line num="64" count="29" type="stmt"/>
      <line num="65" count="29" type="stmt"/>
      <line num="68" count="0" type="stmt"/>
      <line num="78" count="2" type="stmt"/>
      <line num="81" count="2" type="stmt"/>
      <line num="82" count="2" type="stmt"/>
      <line num="83" count="4" type="stmt"/>
      <line num="88" count="2" type="stmt"/>
      <line num="89" count="6" type="stmt"/>
      <line num="91" count="6" type="cond" truecount="2" falsecount="0"/>
      <line num="93" count="4" type="stmt"/>
      <line num="95" count="4" type="stmt"/>
      <line num="96" count="4" type="stmt"/>
      <line num="98" count="6" type="cond" truecount="1" falsecount="1"/>
      <line num="99" count="6" type="cond" truecount="1" falsecount="1"/>
      <line num="103" count="0" type="stmt"/>
      <line num="106" count="6" type="cond" truecount="1" falsecount="1"/>
      <line num="107" count="6" type="stmt"/>
      <line num="114" count="4" type="cond" truecount="2" falsecount="0"/>
      <line num="115" count="2" type="stmt"/>
      <line num="116" count="2" type="stmt"/>
      <line num="119" count="2" type="stmt"/>
      <line num="121" count="4" type="stmt"/>
      <line num="122" count="4" type="stmt"/>
      <line num="124" count="2" type="stmt"/>
      <line num="128" count="2" type="stmt"/>
      <line num="129" count="2" type="stmt"/>
      <line num="132" count="0" type="stmt"/>
      <line num="133" count="0" type="stmt"/>
    </file>
    <file name="subSupport.js" path="C:\Users\ianbe\Documents\git-repos\RPG_Project\static\javascript\Classes\subSupport.js">
      <metrics statements="6" coveredstatements="6" conditionals="0" coveredconditionals="0" methods="1" coveredmethods="1"/>
      <line num="5" count="2" type="stmt"/>
      <line num="6" count="2" type="stmt"/>
      <line num="7" count="2" type="stmt"/>
      <line num="8" count="2" type="stmt"/>
      <line num="9" count="2" type="stmt"/>
      <line num="10" count="2" type="stmt"/>
    </file>
    <file name="supAction.js" path="C:\Users\ianbe\Documents\git-repos\RPG_Project\static\javascript\Classes\supAction.js">
      <metrics statements="4" coveredstatements="4" conditionals="0" coveredconditionals="0" methods="4" coveredmethods="1"/>
      <line num="4" count="8" type="stmt"/>
      <line num="5" count="8" type="stmt"/>
      <line num="6" count="8" type="stmt"/>
      <line num="7" count="8" type="stmt"/>
    </file>
    <file name="supUnit.js" path="C:\Users\ianbe\Documents\git-repos\RPG_Project\static\javascript\Classes\supUnit.js">
      <metrics statements="137" coveredstatements="92" conditionals="64" coveredconditionals="31" methods="10" coveredmethods="8"/>
      <line num="9" count="4" type="stmt"/>
      <line num="12" count="4" type="stmt"/>
      <line num="13" count="4" type="stmt"/>
      <line num="14" count="4" type="stmt"/>
      <line num="15" count="4" type="stmt"/>
      <line num="16" count="4" type="stmt"/>
      <line num="17" count="4" type="stmt"/>
      <line num="18" count="4" type="stmt"/>
      <line num="19" count="4" type="stmt"/>
      <line num="20" count="4" type="stmt"/>
      <line num="23" count="4" type="stmt"/>
      <line num="25" count="4" type="stmt"/>
      <line num="26" count="4" type="stmt"/>
      <line num="29" count="4" type="stmt"/>
      <line num="30" count="4" type="stmt"/>
      <line num="31" count="4" type="stmt"/>
      <line num="32" count="4" type="stmt"/>
      <line num="33" count="4" type="stmt"/>
      <line num="34" count="4" type="stmt"/>
      <line num="35" count="4" type="stmt"/>
      <line num="38" count="4" type="stmt"/>
      <line num="39" count="4" type="stmt"/>
      <line num="46" count="4" type="stmt"/>
      <line num="47" count="6" type="stmt"/>
      <line num="62" count="2" type="stmt"/>
      <line num="63" count="2" type="stmt"/>
      <line num="87" count="2" type="cond" truecount="1" falsecount="1"/>
      <line num="88" count="0" type="stmt"/>
      <line num="89" count="0" type="stmt"/>
      <line num="92" count="2" type="stmt"/>
      <line num="93" count="2" type="cond" truecount="1" falsecount="1"/>
      <line num="94" count="2" type="stmt"/>
      <line num="95" count="2" type="stmt"/>
      <line num="96" count="2" type="stmt"/>
      <line num="99" count="2" type="stmt"/>
      <line num="100" count="2" type="stmt"/>
      <line num="103" count="4" type="stmt"/>
      <line num="105" count="4" type="cond" truecount="1" falsecount="1"/>
      <line num="106" count="4" type="stmt"/>
      <line num="107" count="4" type="stmt"/>
      <line num="109" count="4" type="stmt"/>
      <line num="110" count="0" type="cond" truecount="0" falsecount="2"/>
      <line num="111" count="0" type="stmt"/>
      <line num="113" count="0" type="cond" truecount="0" falsecount="2"/>
      <line num="114" count="0" type="stmt"/>
      <line num="116" count="0" type="cond" truecount="0" falsecount="2"/>
      <line num="117" count="0" type="stmt"/>
      <line num="125" count="0" type="stmt"/>
      <line num="126" count="0" type="stmt"/>
      <line num="128" count="0" type="stmt"/>
      <line num="129" count="0" type="cond" truecount="0" falsecount="2"/>
      <line num="130" count="0" type="stmt"/>
      <line num="132" count="0" type="cond" truecount="0" falsecount="2"/>
      <line num="133" count="0" type="stmt"/>
      <line num="135" count="0" type="cond" truecount="0" falsecount="2"/>
      <line num="136" count="0" type="stmt"/>
      <line num="140" count="4" type="stmt"/>
      <line num="141" count="4" type="stmt"/>
      <line num="142" count="12" type="stmt"/>
      <line num="143" count="12" type="stmt"/>
      <line num="145" count="12" type="cond" truecount="2" falsecount="0"/>
      <line num="146" count="5" type="stmt"/>
      <line num="148" count="7" type="cond" truecount="1" falsecount="1"/>
      <line num="149" count="0" type="stmt"/>
      <line num="151" count="12" type="stmt"/>
      <line num="158" count="4" type="cond" truecount="1" falsecount="1"/>
      <line num="159" count="4" type="stmt"/>
      <line num="163" count="0" type="stmt"/>
      <line num="164" count="0" type="stmt"/>
      <line num="165" count="0" type="stmt"/>
      <line num="169" count="2" type="stmt"/>
      <line num="175" count="14" type="stmt"/>
      <line num="177" count="14" type="cond" truecount="1" falsecount="1"/>
      <line num="178" count="0" type="stmt"/>
      <line num="180" count="14" type="cond" truecount="1" falsecount="1"/>
      <line num="181" count="0" type="stmt"/>
      <line num="184" count="14" type="stmt"/>
      <line num="185" count="14" type="stmt"/>
      <line num="189" count="14" type="stmt"/>
      <line num="190" count="14" type="cond" truecount="1" falsecount="1"/>
      <line num="193" count="14" type="stmt"/>
      <line num="194" count="0" type="stmt"/>
      <line num="198" count="14" type="stmt"/>
      <line num="199" count="14" type="stmt"/>
      <line num="200" count="14" type="stmt"/>
      <line num="201" count="14" type="stmt"/>
      <line num="202" count="14" type="stmt"/>
      <line num="203" count="14" type="stmt"/>
      <line num="204" count="14" type="stmt"/>
      <line num="205" count="0" type="cond" truecount="0" falsecount="2"/>
      <line num="206" count="0" type="stmt"/>
      <line num="209" count="14" type="cond" truecount="2" falsecount="0"/>
      <line num="210" count="9" type="cond" truecount="4" falsecount="0"/>
      <line num="211" count="3" type="stmt"/>
      <line num="212" count="3" type="stmt"/>
      <line num="213" count="3" type="stmt"/>
      <line num="216" count="6" type="stmt"/>
      <line num="217" count="6" type="stmt"/>
      <line num="218" count="6" type="stmt"/>
      <line num="219" count="6" type="stmt"/>
      <line num="220" count="0" type="cond" truecount="0" falsecount="2"/>
      <line num="221" count="0" type="stmt"/>
      <line num="224" count="6" type="cond" truecount="3" falsecount="1"/>
      <line num="225" count="0" type="stmt"/>
      <line num="226" count="0" type="stmt"/>
      <line num="227" count="0" type="stmt"/>
      <line num="230" count="6" type="cond" truecount="4" falsecount="0"/>
      <line num="231" count="1" type="stmt"/>
      <line num="232" count="1" type="stmt"/>
      <line num="233" count="1" type="stmt"/>
      <line num="236" count="5" type="stmt"/>
      <line num="237" count="5" type="stmt"/>
      <line num="241" count="14" type="stmt"/>
      <line num="243" count="14" type="cond" truecount="4" falsecount="0"/>
      <line num="244" count="11" type="stmt"/>
      <line num="246" count="14" type="stmt"/>
      <line num="249" count="14" type="stmt"/>
      <line num="250" count="14" type="stmt"/>
      <line num="251" count="14" type="stmt"/>
      <line num="258" count="14" type="stmt"/>
      <line num="263" count="2" type="stmt"/>
      <line num="268" count="14" type="cond" truecount="1" falsecount="1"/>
      <line num="269" count="0" type="stmt"/>
      <line num="270" count="0" type="stmt"/>
      <line num="272" count="14" type="cond" truecount="3" falsecount="1"/>
      <line num="273" count="0" type="stmt"/>
      <line num="278" count="0" type="stmt"/>
      <line num="280" count="0" type="stmt"/>
      <line num="285" count="0" type="cond" truecount="0" falsecount="2"/>
      <line num="286" count="0" type="stmt"/>
      <line num="294" count="0" type="stmt"/>
      <line num="295" count="0" type="stmt"/>
      <line num="296" count="0" type="cond" truecount="0" falsecount="2"/>
      <line num="297" count="0" type="stmt"/>
      <line num="301" count="0" type="cond" truecount="0" falsecount="2"/>
      <line num="302" count="0" type="stmt"/>
      <line num="304" count="0" type="stmt"/>
    </file>
  </project>
</coverage>
