<?xml version="1.0" encoding="UTF-8"?>
<coverage generated="1638406755347" clover="3.2.0">
  <project timestamp="1638406755347" name="All files">
    <metrics statements="234" coveredstatements="164" conditionals="104" coveredconditionals="51" methods="31" coveredmethods="22" elements="369" coveredelements="237" complexity="0" loc="234" ncloc="234" packages="1" files="7" classes="7"/>
    <file name="GameClass.js" path="C:\Users\madmi\Desktop\ISIT320\RPG_Project\RPG_Project\static\javascript\Classes\GameClass.js">
      <metrics statements="14" coveredstatements="13" conditionals="8" coveredconditionals="4" methods="3" coveredmethods="3"/>
      <line num="8" count="1" type="stmt"/>
      <line num="9" count="1" type="stmt"/>
      <line num="13" count="1" type="stmt"/>
      <line num="14" count="2" type="stmt"/>
      <line num="28" count="2" type="cond" truecount="1" falsecount="1"/>
      <line num="29" count="2" type="stmt"/>
      <line num="31" count="2" type="cond" truecount="1" falsecount="1"/>
      <line num="32" count="2" type="stmt"/>
      <line num="38" count="1" type="stmt"/>
      <line num="39" count="1" type="stmt"/>
      <line num="53" count="1" type="cond" truecount="1" falsecount="1"/>
      <line num="54" count="1" type="stmt"/>
      <line num="56" count="1" type="cond" truecount="1" falsecount="1"/>
      <line num="57" count="0" type="stmt"/>
    </file>
    <file name="subAttack.js" path="C:\Users\madmi\Desktop\ISIT320\RPG_Project\RPG_Project\static\javascript\Classes\subAttack.js">
      <metrics statements="26" coveredstatements="23" conditionals="12" coveredconditionals="10" methods="4" coveredmethods="4"/>
      <line num="5" count="5" type="stmt"/>
      <line num="7" count="5" type="stmt"/>
      <line num="8" count="5" type="stmt"/>
      <line num="9" count="5" type="stmt"/>
      <line num="10" count="5" type="stmt"/>
      <line num="11" count="5" type="stmt"/>
      <line num="15" count="6" type="stmt"/>
      <line num="16" count="6" type="cond" truecount="1" falsecount="1"/>
      <line num="17" count="0" type="stmt"/>
      <line num="19" count="6" type="stmt"/>
      <line num="20" count="6" type="stmt"/>
      <line num="24" count="6" type="cond" truecount="4" falsecount="0"/>
      <line num="25" count="2" type="stmt"/>
      <line num="27" count="4" type="cond" truecount="4" falsecount="0"/>
      <line num="28" count="2" type="stmt"/>
      <line num="31" count="2" type="stmt"/>
      <line num="36" count="6" type="stmt"/>
      <line num="37" count="6" type="cond" truecount="1" falsecount="1"/>
      <line num="38" count="0" type="stmt"/>
      <line num="41" count="6" type="stmt"/>
      <line num="46" count="6" type="stmt"/>
      <line num="47" count="6" type="stmt"/>
      <line num="51" count="6" type="stmt"/>
      <line num="53" count="6" type="stmt"/>
      <line num="54" count="0" type="stmt"/>
      <line num="57" count="6" type="stmt"/>
    </file>
    <file name="subCharacter.js" path="C:\Users\madmi\Desktop\ISIT320\RPG_Project\RPG_Project\static\javascript\Classes\subCharacter.js">
      <metrics statements="12" coveredstatements="3" conditionals="4" coveredconditionals="0" methods="3" coveredmethods="1"/>
      <line num="9" count="2" type="stmt"/>
      <line num="15" count="2" type="stmt"/>
      <line num="16" count="2" type="stmt"/>
      <line num="28" count="0" type="stmt"/>
      <line num="29" count="0" type="stmt"/>
      <line num="30" count="0" type="cond" truecount="0" falsecount="2"/>
      <line num="31" count="0" type="stmt"/>
      <line num="32" count="0" type="stmt"/>
      <line num="33" count="0" type="cond" truecount="0" falsecount="2"/>
      <line num="34" count="0" type="stmt"/>
      <line num="35" count="0" type="stmt"/>
      <line num="37" count="0" type="stmt"/>
    </file>
    <file name="subEnemy.js" path="C:\Users\madmi\Desktop\ISIT320\RPG_Project\RPG_Project\static\javascript\Classes\subEnemy.js">
      <metrics statements="36" coveredstatements="25" conditionals="16" coveredconditionals="7" methods="6" coveredmethods="4"/>
      <line num="9" count="1" type="stmt"/>
      <line num="10" count="1" type="stmt"/>
      <line num="17" count="1" type="stmt"/>
      <line num="18" count="2" type="stmt"/>
      <line num="37" count="0" type="stmt"/>
      <line num="38" count="0" type="stmt"/>
      <line num="39" count="0" type="cond" truecount="0" falsecount="4"/>
      <line num="41" count="0" type="stmt"/>
      <line num="47" count="0" type="stmt"/>
      <line num="48" count="0" type="cond" truecount="0" falsecount="2"/>
      <line num="49" count="0" type="stmt"/>
      <line num="53" count="0" type="stmt"/>
      <line num="65" count="1" type="stmt"/>
      <line num="68" count="1" type="stmt"/>
      <line num="72" count="1" type="stmt"/>
      <line num="73" count="3" type="stmt"/>
      <line num="75" count="3" type="cond" truecount="2" falsecount="0"/>
      <line num="77" count="2" type="stmt"/>
      <line num="79" count="2" type="stmt"/>
      <line num="80" count="2" type="stmt"/>
      <line num="82" count="3" type="cond" truecount="1" falsecount="1"/>
      <line num="83" count="3" type="cond" truecount="1" falsecount="1"/>
      <line num="87" count="0" type="stmt"/>
      <line num="90" count="3" type="cond" truecount="1" falsecount="1"/>
      <line num="91" count="3" type="stmt"/>
      <line num="98" count="2" type="cond" truecount="2" falsecount="0"/>
      <line num="99" count="1" type="stmt"/>
      <line num="100" count="1" type="stmt"/>
      <line num="103" count="1" type="stmt"/>
      <line num="105" count="2" type="stmt"/>
      <line num="106" count="2" type="stmt"/>
      <line num="108" count="1" type="stmt"/>
      <line num="112" count="1" type="stmt"/>
      <line num="113" count="1" type="stmt"/>
      <line num="116" count="0" type="stmt"/>
      <line num="117" count="0" type="stmt"/>
    </file>
    <file name="subSupport.js" path="C:\Users\madmi\Desktop\ISIT320\RPG_Project\RPG_Project\static\javascript\Classes\subSupport.js">
      <metrics statements="6" coveredstatements="6" conditionals="0" coveredconditionals="0" methods="1" coveredmethods="1"/>
      <line num="5" count="2" type="stmt"/>
      <line num="6" count="2" type="stmt"/>
      <line num="7" count="2" type="stmt"/>
      <line num="8" count="2" type="stmt"/>
      <line num="9" count="2" type="stmt"/>
      <line num="10" count="2" type="stmt"/>
    </file>
    <file name="supAction.js" path="C:\Users\madmi\Desktop\ISIT320\RPG_Project\RPG_Project\static\javascript\Classes\supAction.js">
      <metrics statements="3" coveredstatements="3" conditionals="0" coveredconditionals="0" methods="4" coveredmethods="1"/>
      <line num="3" count="7" type="stmt"/>
      <line num="4" count="7" type="stmt"/>
      <line num="5" count="7" type="stmt"/>
    </file>
    <file name="supUnit.js" path="C:\Users\madmi\Desktop\ISIT320\RPG_Project\RPG_Project\static\javascript\Classes\supUnit.js">
      <metrics statements="137" coveredstatements="91" conditionals="64" coveredconditionals="30" methods="10" coveredmethods="8"/>
      <line num="9" count="3" type="stmt"/>
      <line num="10" count="3" type="stmt"/>
      <line num="11" count="3" type="stmt"/>
      <line num="12" count="3" type="stmt"/>
      <line num="13" count="3" type="stmt"/>
      <line num="14" count="3" type="stmt"/>
      <line num="15" count="3" type="stmt"/>
      <line num="16" count="3" type="stmt"/>
      <line num="17" count="3" type="stmt"/>
      <line num="20" count="3" type="stmt"/>
      <line num="22" count="3" type="stmt"/>
      <line num="23" count="3" type="stmt"/>
      <line num="26" count="3" type="stmt"/>
      <line num="27" count="3" type="stmt"/>
      <line num="28" count="3" type="stmt"/>
      <line num="29" count="3" type="stmt"/>
      <line num="30" count="3" type="stmt"/>
      <line num="31" count="3" type="stmt"/>
      <line num="32" count="3" type="stmt"/>
      <line num="35" count="3" type="stmt"/>
      <line num="36" count="3" type="stmt"/>
      <line num="43" count="3" type="stmt"/>
      <line num="44" count="5" type="stmt"/>
      <line num="57" count="2" type="stmt"/>
      <line num="58" count="2" type="stmt"/>
      <line num="81" count="1" type="cond" truecount="1" falsecount="1"/>
      <line num="82" count="0" type="stmt"/>
      <line num="83" count="0" type="stmt"/>
      <line num="86" count="1" type="stmt"/>
      <line num="87" count="1" type="cond" truecount="1" falsecount="1"/>
      <line num="88" count="1" type="stmt"/>
      <line num="89" count="1" type="stmt"/>
      <line num="90" count="1" type="stmt"/>
      <line num="93" count="1" type="stmt"/>
      <line num="94" count="1" type="stmt"/>
      <line num="97" count="2" type="stmt"/>
      <line num="99" count="2" type="cond" truecount="1" falsecount="1"/>
      <line num="100" count="0" type="stmt"/>
      <line num="101" count="0" type="stmt"/>
      <line num="103" count="0" type="stmt"/>
      <line num="104" count="0" type="cond" truecount="0" falsecount="2"/>
      <line num="105" count="0" type="stmt"/>
      <line num="107" count="0" type="cond" truecount="0" falsecount="2"/>
      <line num="108" count="0" type="stmt"/>
      <line num="110" count="0" type="cond" truecount="0" falsecount="2"/>
      <line num="111" count="0" type="stmt"/>
      <line num="119" count="2" type="stmt"/>
      <line num="120" count="2" type="stmt"/>
      <line num="122" count="2" type="stmt"/>
      <line num="123" count="0" type="cond" truecount="0" falsecount="2"/>
      <line num="124" count="0" type="stmt"/>
      <line num="126" count="0" type="cond" truecount="0" falsecount="2"/>
      <line num="127" count="0" type="stmt"/>
      <line num="129" count="0" type="cond" truecount="0" falsecount="2"/>
      <line num="130" count="0" type="stmt"/>
      <line num="134" count="2" type="stmt"/>
      <line num="135" count="2" type="stmt"/>
      <line num="136" count="6" type="stmt"/>
      <line num="137" count="6" type="stmt"/>
      <line num="139" count="6" type="cond" truecount="2" falsecount="0"/>
      <line num="140" count="2" type="stmt"/>
      <line num="142" count="4" type="cond" truecount="1" falsecount="1"/>
      <line num="143" count="0" type="stmt"/>
      <line num="145" count="6" type="stmt"/>
      <line num="150" count="2" type="cond" truecount="1" falsecount="1"/>
      <line num="151" count="2" type="stmt"/>
      <line num="154" count="0" type="stmt"/>
      <line num="155" count="0" type="stmt"/>
      <line num="156" count="0" type="stmt"/>
      <line num="160" count="1" type="stmt"/>
      <line num="166" count="11" type="stmt"/>
      <line num="167" count="11" type="stmt"/>
      <line num="169" count="11" type="cond" truecount="1" falsecount="1"/>
      <line num="170" count="0" type="stmt"/>
      <line num="172" count="11" type="cond" truecount="1" falsecount="1"/>
      <line num="173" count="0" type="stmt"/>
      <line num="176" count="11" type="stmt"/>
      <line num="177" count="11" type="stmt"/>
      <line num="181" count="11" type="stmt"/>
      <line num="182" count="11" type="cond" truecount="1" falsecount="1"/>
      <line num="185" count="11" type="stmt"/>
      <line num="186" count="0" type="stmt"/>
      <line num="190" count="11" type="stmt"/>
      <line num="191" count="11" type="stmt"/>
      <line num="192" count="11" type="stmt"/>
      <line num="193" count="11" type="stmt"/>
      <line num="194" count="11" type="stmt"/>
      <line num="195" count="11" type="stmt"/>
      <line num="196" count="11" type="stmt"/>
      <line num="197" count="0" type="cond" truecount="0" falsecount="2"/>
      <line num="198" count="0" type="stmt"/>
      <line num="201" count="11" type="cond" truecount="2" falsecount="0"/>
      <line num="202" count="9" type="cond" truecount="3" falsecount="1"/>
      <line num="203" count="0" type="stmt"/>
      <line num="204" count="0" type="stmt"/>
      <line num="205" count="0" type="stmt"/>
      <line num="208" count="9" type="stmt"/>
      <line num="209" count="9" type="stmt"/>
      <line num="210" count="9" type="stmt"/>
      <line num="211" count="9" type="stmt"/>
      <line num="212" count="0" type="cond" truecount="0" falsecount="2"/>
      <line num="213" count="0" type="stmt"/>
      <line num="216" count="9" type="cond" truecount="3" falsecount="1"/>
      <line num="217" count="0" type="stmt"/>
      <line num="218" count="0" type="stmt"/>
      <line num="219" count="0" type="stmt"/>
      <line num="222" count="9" type="cond" truecount="4" falsecount="0"/>
      <line num="223" count="2" type="stmt"/>
      <line num="224" count="2" type="stmt"/>
      <line num="225" count="2" type="stmt"/>
      <line num="228" count="7" type="stmt"/>
      <line num="229" count="7" type="stmt"/>
      <line num="233" count="11" type="stmt"/>
      <line num="235" count="11" type="cond" truecount="3" falsecount="1"/>
      <line num="236" count="11" type="stmt"/>
      <line num="238" count="11" type="stmt"/>
      <line num="241" count="11" type="stmt"/>
      <line num="242" count="11" type="stmt"/>
      <line num="243" count="11" type="stmt"/>
      <line num="249" count="11" type="stmt"/>
      <line num="254" count="1" type="stmt"/>
      <line num="259" count="11" type="cond" truecount="2" falsecount="0"/>
      <line num="260" count="2" type="stmt"/>
      <line num="261" count="2" type="stmt"/>
      <line num="263" count="11" type="cond" truecount="3" falsecount="1"/>
      <line num="264" count="0" type="stmt"/>
      <line num="269" count="0" type="stmt"/>
      <line num="271" count="0" type="stmt"/>
      <line num="276" count="0" type="cond" truecount="0" falsecount="2"/>
      <line num="277" count="0" type="stmt"/>
      <line num="285" count="0" type="stmt"/>
      <line num="286" count="0" type="stmt"/>
      <line num="287" count="0" type="cond" truecount="0" falsecount="2"/>
      <line num="288" count="0" type="stmt"/>
      <line num="292" count="0" type="cond" truecount="0" falsecount="2"/>
      <line num="293" count="0" type="stmt"/>
      <line num="295" count="0" type="stmt"/>
    </file>
  </project>
</coverage>
