{"C:\\Users\\madmi\\Desktop\\ISIT320\\RPG_Project\\RPG_Project\\static\\javascript\\Classes\\GameClass.js": {"path":"C:\\Users\\madmi\\Desktop\\ISIT320\\RPG_Project\\RPG_Project\\static\\javascript\\Classes\\GameClass.js","statementMap":{"0":{"start":{"line":8,"column":8},"end":{"line":8,"column":32}},"1":{"start":{"line":9,"column":8},"end":{"line":9,"column":28}},"2":{"start":{"line":10,"column":8},"end":{"line":10,"column":28}},"3":{"start":{"line":14,"column":8},"end":{"line":16,"column":9}},"4":{"start":{"line":15,"column":12},"end":{"line":15,"column":47}},"5":{"start":{"line":17,"column":8},"end":{"line":20,"column":9}},"6":{"start":{"line":18,"column":12},"end":{"line":18,"column":44}},"7":{"start":{"line":19,"column":12},"end":{"line":19,"column":68}},"8":{"start":{"line":24,"column":8},"end":{"line":46,"column":9}},"9":{"start":{"line":25,"column":12},"end":{"line":37,"column":14}},"10":{"start":{"line":40,"column":12},"end":{"line":42,"column":13}},"11":{"start":{"line":41,"column":16},"end":{"line":41,"column":88}},"12":{"start":{"line":43,"column":12},"end":{"line":45,"column":13}},"13":{"start":{"line":44,"column":16},"end":{"line":44,"column":90}},"14":{"start":{"line":50,"column":8},"end":{"line":72,"column":9}},"15":{"start":{"line":51,"column":12},"end":{"line":63,"column":14}},"16":{"start":{"line":66,"column":12},"end":{"line":66,"column":41}},"17":{"start":{"line":67,"column":16},"end":{"line":67,"column":76}},"18":{"start":{"line":69,"column":12},"end":{"line":71,"column":13}},"19":{"start":{"line":70,"column":16},"end":{"line":70,"column":77}}},"fnMap":{"0":{"name":"(anonymous_0)","decl":{"start":{"line":7,"column":4},"end":{"line":7,"column":5}},"loc":{"start":{"line":7,"column":18},"end":{"line":11,"column":5}},"line":7},"1":{"name":"(anonymous_1)","decl":{"start":{"line":13,"column":4},"end":{"line":13,"column":5}},"loc":{"start":{"line":13,"column":19},"end":{"line":21,"column":5}},"line":13},"2":{"name":"(anonymous_2)","decl":{"start":{"line":23,"column":4},"end":{"line":23,"column":5}},"loc":{"start":{"line":23,"column":37},"end":{"line":47,"column":5}},"line":23},"3":{"name":"(anonymous_3)","decl":{"start":{"line":49,"column":4},"end":{"line":49,"column":5}},"loc":{"start":{"line":49,"column":29},"end":{"line":73,"column":5}},"line":49}},"branchMap":{"0":{"loc":{"start":{"line":40,"column":12},"end":{"line":42,"column":13}},"type":"if","locations":[{"start":{"line":40,"column":12},"end":{"line":42,"column":13}},{"start":{},"end":{}}],"line":40},"1":{"loc":{"start":{"line":43,"column":12},"end":{"line":45,"column":13}},"type":"if","locations":[{"start":{"line":43,"column":12},"end":{"line":45,"column":13}},{"start":{},"end":{}}],"line":43},"2":{"loc":{"start":{"line":66,"column":12},"end":{"line":66,"column":41}},"type":"if","locations":[{"start":{"line":66,"column":12},"end":{"line":66,"column":41}},{"start":{},"end":{}}],"line":66},"3":{"loc":{"start":{"line":69,"column":12},"end":{"line":71,"column":13}},"type":"if","locations":[{"start":{"line":69,"column":12},"end":{"line":71,"column":13}},{"start":{},"end":{}}],"line":69}},"s":{"0":1,"1":1,"2":1,"3":1,"4":2,"5":1,"6":2,"7":2,"8":1,"9":2,"10":2,"11":2,"12":2,"13":2,"14":1,"15":2,"16":2,"17":2,"18":2,"19":0},"f":{"0":1,"1":1,"2":1,"3":1},"b":{"0":[2,0],"1":[2,0],"2":[2,0],"3":[0,2]},"_coverageSchema":"1a1c01bbd47fc00a2c39e90264f33305004495a9","hash":"7a7ef2fad287e1477101d650bba3da5a66762398"}
,"C:\\Users\\madmi\\Desktop\\ISIT320\\RPG_Project\\RPG_Project\\static\\javascript\\Classes\\subAttack.js": {"path":"C:\\Users\\madmi\\Desktop\\ISIT320\\RPG_Project\\RPG_Project\\static\\javascript\\Classes\\subAttack.js","statementMap":{"0":{"start":{"line":5,"column":8},"end":{"line":5,"column":55}},"1":{"start":{"line":7,"column":8},"end":{"line":7,"column":39}},"2":{"start":{"line":8,"column":8},"end":{"line":8,"column":33}},"3":{"start":{"line":9,"column":8},"end":{"line":9,"column":39}},"4":{"start":{"line":10,"column":8},"end":{"line":10,"column":41}},"5":{"start":{"line":11,"column":8},"end":{"line":11,"column":25}},"6":{"start":{"line":12,"column":8},"end":{"line":12,"column":43}},"7":{"start":{"line":16,"column":24},"end":{"line":16,"column":110}},"8":{"start":{"line":17,"column":8},"end":{"line":19,"column":9}},"9":{"start":{"line":18,"column":12},"end":{"line":18,"column":27}},"10":{"start":{"line":20,"column":22},"end":{"line":20,"column":51}},"11":{"start":{"line":21,"column":22},"end":{"line":21,"column":51}},"12":{"start":{"line":25,"column":8},"end":{"line":33,"column":9}},"13":{"start":{"line":26,"column":12},"end":{"line":26,"column":23}},"14":{"start":{"line":28,"column":13},"end":{"line":33,"column":9}},"15":{"start":{"line":29,"column":12},"end":{"line":29,"column":23}},"16":{"start":{"line":32,"column":12},"end":{"line":32,"column":21}},"17":{"start":{"line":37,"column":21},"end":{"line":37,"column":50}},"18":{"start":{"line":38,"column":8},"end":{"line":43,"column":9}},"19":{"start":{"line":39,"column":12},"end":{"line":39,"column":21}},"20":{"start":{"line":42,"column":12},"end":{"line":42,"column":21}},"21":{"start":{"line":47,"column":23},"end":{"line":47,"column":57}},"22":{"start":{"line":48,"column":24},"end":{"line":48,"column":35}},"23":{"start":{"line":49,"column":8},"end":{"line":49,"column":28}},"24":{"start":{"line":52,"column":25},"end":{"line":52,"column":121}},"25":{"start":{"line":54,"column":8},"end":{"line":56,"column":9}},"26":{"start":{"line":55,"column":12},"end":{"line":55,"column":62}},"27":{"start":{"line":58,"column":8},"end":{"line":58,"column":79}}},"fnMap":{"0":{"name":"(anonymous_0)","decl":{"start":{"line":4,"column":4},"end":{"line":4,"column":5}},"loc":{"start":{"line":4,"column":128},"end":{"line":13,"column":5}},"line":4},"1":{"name":"(anonymous_1)","decl":{"start":{"line":14,"column":4},"end":{"line":14,"column":5}},"loc":{"start":{"line":14,"column":36},"end":{"line":34,"column":5}},"line":14},"2":{"name":"(anonymous_2)","decl":{"start":{"line":36,"column":4},"end":{"line":36,"column":5}},"loc":{"start":{"line":36,"column":11},"end":{"line":44,"column":5}},"line":36},"3":{"name":"(anonymous_3)","decl":{"start":{"line":46,"column":4},"end":{"line":46,"column":5}},"loc":{"start":{"line":46,"column":67},"end":{"line":59,"column":5}},"line":46}},"branchMap":{"0":{"loc":{"start":{"line":17,"column":8},"end":{"line":19,"column":9}},"type":"if","locations":[{"start":{"line":17,"column":8},"end":{"line":19,"column":9}},{"start":{},"end":{}}],"line":17},"1":{"loc":{"start":{"line":25,"column":8},"end":{"line":33,"column":9}},"type":"if","locations":[{"start":{"line":25,"column":8},"end":{"line":33,"column":9}},{"start":{"line":28,"column":13},"end":{"line":33,"column":9}}],"line":25},"2":{"loc":{"start":{"line":25,"column":12},"end":{"line":25,"column":52}},"type":"binary-expr","locations":[{"start":{"line":25,"column":12},"end":{"line":25,"column":30}},{"start":{"line":25,"column":34},"end":{"line":25,"column":52}}],"line":25},"3":{"loc":{"start":{"line":28,"column":13},"end":{"line":33,"column":9}},"type":"if","locations":[{"start":{"line":28,"column":13},"end":{"line":33,"column":9}},{"start":{"line":31,"column":13},"end":{"line":33,"column":9}}],"line":28},"4":{"loc":{"start":{"line":28,"column":17},"end":{"line":28,"column":57}},"type":"binary-expr","locations":[{"start":{"line":28,"column":17},"end":{"line":28,"column":35}},{"start":{"line":28,"column":39},"end":{"line":28,"column":57}}],"line":28},"5":{"loc":{"start":{"line":38,"column":8},"end":{"line":43,"column":9}},"type":"if","locations":[{"start":{"line":38,"column":8},"end":{"line":43,"column":9}},{"start":{"line":41,"column":13},"end":{"line":43,"column":9}}],"line":38}},"s":{"0":9,"1":9,"2":9,"3":9,"4":9,"5":9,"6":9,"7":30,"8":30,"9":0,"10":30,"11":30,"12":30,"13":2,"14":28,"15":8,"16":20,"17":30,"18":30,"19":2,"20":28,"21":30,"22":30,"23":30,"24":30,"25":30,"26":0,"27":30},"f":{"0":9,"1":30,"2":30,"3":30},"b":{"0":[0,30],"1":[2,28],"2":[30,5],"3":[8,20],"4":[28,25],"5":[2,28]},"_coverageSchema":"1a1c01bbd47fc00a2c39e90264f33305004495a9","hash":"5b317ae0d983b1ba67364d9bc61c9de7d5e085e5"}
,"C:\\Users\\madmi\\Desktop\\ISIT320\\RPG_Project\\RPG_Project\\static\\javascript\\Classes\\subCharacter.js": {"path":"C:\\Users\\madmi\\Desktop\\ISIT320\\RPG_Project\\RPG_Project\\static\\javascript\\Classes\\subCharacter.js","statementMap":{"0":{"start":{"line":9,"column":8},"end":{"line":9,"column":91}},"1":{"start":{"line":15,"column":8},"end":{"line":15,"column":19}},"2":{"start":{"line":16,"column":8},"end":{"line":16,"column":19}},"3":{"start":{"line":27,"column":8},"end":{"line":27,"column":54}}},"fnMap":{"0":{"name":"(anonymous_0)","decl":{"start":{"line":7,"column":4},"end":{"line":7,"column":5}},"loc":{"start":{"line":7,"column":92},"end":{"line":18,"column":5}},"line":7},"1":{"name":"(anonymous_1)","decl":{"start":{"line":26,"column":4},"end":{"line":26,"column":5}},"loc":{"start":{"line":26,"column":44},"end":{"line":28,"column":5}},"line":26}},"branchMap":{},"s":{"0":2,"1":2,"2":2,"3":0},"f":{"0":2,"1":0},"b":{},"_coverageSchema":"1a1c01bbd47fc00a2c39e90264f33305004495a9","hash":"af8c640feb413de563eded91b7e0ae39634aeae7"}
,"C:\\Users\\madmi\\Desktop\\ISIT320\\RPG_Project\\RPG_Project\\static\\javascript\\Classes\\subEnemy.js": {"path":"C:\\Users\\madmi\\Desktop\\ISIT320\\RPG_Project\\RPG_Project\\static\\javascript\\Classes\\subEnemy.js","statementMap":{"0":{"start":{"line":9,"column":8},"end":{"line":9,"column":91}},"1":{"start":{"line":10,"column":8},"end":{"line":10,"column":27}},"2":{"start":{"line":17,"column":8},"end":{"line":26,"column":9}},"3":{"start":{"line":18,"column":12},"end":{"line":25,"column":15}},"4":{"start":{"line":37,"column":26},"end":{"line":37,"column":48}},"5":{"start":{"line":38,"column":8},"end":{"line":43,"column":9}},"6":{"start":{"line":39,"column":12},"end":{"line":42,"column":13}},"7":{"start":{"line":41,"column":16},"end":{"line":41,"column":56}},"8":{"start":{"line":47,"column":8},"end":{"line":55,"column":9}},"9":{"start":{"line":48,"column":12},"end":{"line":54,"column":13}},"10":{"start":{"line":49,"column":16},"end":{"line":49,"column":57}},"11":{"start":{"line":53,"column":16},"end":{"line":53,"column":46}},"12":{"start":{"line":58,"column":8},"end":{"line":65,"column":9}},"13":{"start":{"line":59,"column":12},"end":{"line":64,"column":13}},"14":{"start":{"line":60,"column":16},"end":{"line":60,"column":51}},"15":{"start":{"line":61,"column":16},"end":{"line":61,"column":61}},"16":{"start":{"line":62,"column":16},"end":{"line":62,"column":35}},"17":{"start":{"line":63,"column":16},"end":{"line":63,"column":49}},"18":{"start":{"line":66,"column":8},"end":{"line":66,"column":18}},"19":{"start":{"line":76,"column":25},"end":{"line":76,"column":27}},"20":{"start":{"line":79,"column":24},"end":{"line":79,"column":26}},"21":{"start":{"line":80,"column":8},"end":{"line":82,"column":9}},"22":{"start":{"line":81,"column":12},"end":{"line":81,"column":48}},"23":{"start":{"line":86,"column":8},"end":{"line":125,"column":9}},"24":{"start":{"line":86,"column":21},"end":{"line":86,"column":22}},"25":{"start":{"line":87,"column":29},"end":{"line":87,"column":31}},"26":{"start":{"line":89,"column":12},"end":{"line":89,"column":45}},"27":{"start":{"line":89,"column":39},"end":{"line":89,"column":45}},"28":{"start":{"line":91,"column":31},"end":{"line":91,"column":32}},"29":{"start":{"line":93,"column":12},"end":{"line":93,"column":32}},"30":{"start":{"line":94,"column":12},"end":{"line":112,"column":13}},"31":{"start":{"line":96,"column":16},"end":{"line":111,"column":17}},"32":{"start":{"line":97,"column":20},"end":{"line":107,"column":21}},"33":{"start":{"line":101,"column":24},"end":{"line":101,"column":61}},"34":{"start":{"line":102,"column":24},"end":{"line":102,"column":57}},"35":{"start":{"line":105,"column":25},"end":{"line":107,"column":21}},"36":{"start":{"line":106,"column":24},"end":{"line":106,"column":57}},"37":{"start":{"line":110,"column":20},"end":{"line":110,"column":46}},"38":{"start":{"line":116,"column":12},"end":{"line":122,"column":13}},"39":{"start":{"line":117,"column":24},"end":{"line":117,"column":69}},"40":{"start":{"line":118,"column":16},"end":{"line":118,"column":46}},"41":{"start":{"line":121,"column":16},"end":{"line":121,"column":46}},"42":{"start":{"line":123,"column":24},"end":{"line":123,"column":56}},"43":{"start":{"line":124,"column":12},"end":{"line":124,"column":39}},"44":{"start":{"line":126,"column":8},"end":{"line":126,"column":32}},"45":{"start":{"line":127,"column":8},"end":{"line":127,"column":26}},"46":{"start":{"line":131,"column":22},"end":{"line":131,"column":48}},"47":{"start":{"line":132,"column":8},"end":{"line":132,"column":51}},"48":{"start":{"line":135,"column":22},"end":{"line":135,"column":48}},"49":{"start":{"line":136,"column":8},"end":{"line":136,"column":45}}},"fnMap":{"0":{"name":"(anonymous_0)","decl":{"start":{"line":8,"column":4},"end":{"line":8,"column":5}},"loc":{"start":{"line":8,"column":93},"end":{"line":11,"column":5}},"line":8},"1":{"name":"(anonymous_1)","decl":{"start":{"line":16,"column":4},"end":{"line":16,"column":5}},"loc":{"start":{"line":16,"column":33},"end":{"line":27,"column":5}},"line":16},"2":{"name":"(anonymous_2)","decl":{"start":{"line":34,"column":4},"end":{"line":34,"column":5}},"loc":{"start":{"line":34,"column":18},"end":{"line":56,"column":5}},"line":34},"3":{"name":"(anonymous_3)","decl":{"start":{"line":57,"column":4},"end":{"line":57,"column":5}},"loc":{"start":{"line":57,"column":46},"end":{"line":67,"column":5}},"line":57},"4":{"name":"(anonymous_4)","decl":{"start":{"line":75,"column":4},"end":{"line":75,"column":5}},"loc":{"start":{"line":75,"column":26},"end":{"line":129,"column":5}},"line":75},"5":{"name":"(anonymous_5)","decl":{"start":{"line":130,"column":4},"end":{"line":130,"column":5}},"loc":{"start":{"line":130,"column":32},"end":{"line":133,"column":5}},"line":130},"6":{"name":"(anonymous_6)","decl":{"start":{"line":134,"column":4},"end":{"line":134,"column":5}},"loc":{"start":{"line":134,"column":33},"end":{"line":137,"column":5}},"line":134}},"branchMap":{"0":{"loc":{"start":{"line":39,"column":12},"end":{"line":42,"column":13}},"type":"if","locations":[{"start":{"line":39,"column":12},"end":{"line":42,"column":13}},{"start":{},"end":{}}],"line":39},"1":{"loc":{"start":{"line":39,"column":16},"end":{"line":40,"column":69}},"type":"binary-expr","locations":[{"start":{"line":39,"column":16},"end":{"line":39,"column":55}},{"start":{"line":40,"column":19},"end":{"line":40,"column":69}}],"line":39},"2":{"loc":{"start":{"line":48,"column":12},"end":{"line":54,"column":13}},"type":"if","locations":[{"start":{"line":48,"column":12},"end":{"line":54,"column":13}},{"start":{"line":52,"column":17},"end":{"line":54,"column":13}}],"line":48},"3":{"loc":{"start":{"line":59,"column":12},"end":{"line":64,"column":13}},"type":"if","locations":[{"start":{"line":59,"column":12},"end":{"line":64,"column":13}},{"start":{},"end":{}}],"line":59},"4":{"loc":{"start":{"line":89,"column":12},"end":{"line":89,"column":45}},"type":"if","locations":[{"start":{"line":89,"column":12},"end":{"line":89,"column":45}},{"start":{},"end":{}}],"line":89},"5":{"loc":{"start":{"line":96,"column":16},"end":{"line":111,"column":17}},"type":"if","locations":[{"start":{"line":96,"column":16},"end":{"line":111,"column":17}},{"start":{"line":109,"column":21},"end":{"line":111,"column":17}}],"line":96},"6":{"loc":{"start":{"line":97,"column":20},"end":{"line":107,"column":21}},"type":"if","locations":[{"start":{"line":97,"column":20},"end":{"line":107,"column":21}},{"start":{"line":105,"column":25},"end":{"line":107,"column":21}}],"line":97},"7":{"loc":{"start":{"line":105,"column":25},"end":{"line":107,"column":21}},"type":"if","locations":[{"start":{"line":105,"column":25},"end":{"line":107,"column":21}},{"start":{},"end":{}}],"line":105},"8":{"loc":{"start":{"line":116,"column":12},"end":{"line":122,"column":13}},"type":"if","locations":[{"start":{"line":116,"column":12},"end":{"line":122,"column":13}},{"start":{"line":120,"column":17},"end":{"line":122,"column":13}}],"line":116}},"s":{"0":2,"1":2,"2":2,"3":4,"4":22,"5":22,"6":44,"7":15,"8":22,"9":44,"10":44,"11":0,"12":22,"13":36,"14":22,"15":22,"16":22,"17":22,"18":0,"19":5,"20":5,"21":5,"22":10,"23":5,"24":5,"25":15,"26":15,"27":5,"28":10,"29":10,"30":10,"31":15,"32":15,"33":5,"34":5,"35":10,"36":8,"37":0,"38":10,"39":0,"40":0,"41":10,"42":10,"43":10,"44":5,"45":5,"46":5,"47":5,"48":0,"49":0},"f":{"0":2,"1":2,"2":22,"3":22,"4":5,"5":5,"6":0},"b":{"0":[15,29],"1":[44,15],"2":[44,0],"3":[22,14],"4":[5,10],"5":[15,0],"6":[5,10],"7":[8,2],"8":[0,10]},"_coverageSchema":"1a1c01bbd47fc00a2c39e90264f33305004495a9","hash":"0c7aaa68da2973fa6b228364ddbf414afcec8965"}
,"C:\\Users\\madmi\\Desktop\\ISIT320\\RPG_Project\\RPG_Project\\static\\javascript\\Classes\\subSupport.js": {"path":"C:\\Users\\madmi\\Desktop\\ISIT320\\RPG_Project\\RPG_Project\\static\\javascript\\Classes\\subSupport.js","statementMap":{"0":{"start":{"line":5,"column":6},"end":{"line":5,"column":53}},"1":{"start":{"line":6,"column":6},"end":{"line":6,"column":33}},"2":{"start":{"line":7,"column":6},"end":{"line":7,"column":39}},"3":{"start":{"line":8,"column":6},"end":{"line":8,"column":27}},"4":{"start":{"line":9,"column":6},"end":{"line":9,"column":31}},"5":{"start":{"line":10,"column":6},"end":{"line":10,"column":25}}},"fnMap":{"0":{"name":"(anonymous_0)","decl":{"start":{"line":4,"column":4},"end":{"line":4,"column":5}},"loc":{"start":{"line":4,"column":107},"end":{"line":11,"column":5}},"line":4}},"branchMap":{},"s":{"0":2,"1":2,"2":2,"3":2,"4":2,"5":2},"f":{"0":2},"b":{},"_coverageSchema":"1a1c01bbd47fc00a2c39e90264f33305004495a9","hash":"82fa03bcbcc88d5a52149bb3653fd010e3499d09"}
,"C:\\Users\\madmi\\Desktop\\ISIT320\\RPG_Project\\RPG_Project\\static\\javascript\\Classes\\supAction.js": {"path":"C:\\Users\\madmi\\Desktop\\ISIT320\\RPG_Project\\RPG_Project\\static\\javascript\\Classes\\supAction.js","statementMap":{"0":{"start":{"line":4,"column":6},"end":{"line":4,"column":37}},"1":{"start":{"line":5,"column":6},"end":{"line":5,"column":29}},"2":{"start":{"line":6,"column":6},"end":{"line":6,"column":31}},"3":{"start":{"line":7,"column":6},"end":{"line":7,"column":29}}},"fnMap":{"0":{"name":"(anonymous_0)","decl":{"start":{"line":2,"column":4},"end":{"line":2,"column":5}},"loc":{"start":{"line":2,"column":57},"end":{"line":8,"column":5}},"line":2},"1":{"name":"(anonymous_1)","decl":{"start":{"line":9,"column":4},"end":{"line":9,"column":5}},"loc":{"start":{"line":9,"column":21},"end":{"line":11,"column":5}},"line":9},"2":{"name":"(anonymous_2)","decl":{"start":{"line":12,"column":4},"end":{"line":12,"column":5}},"loc":{"start":{"line":12,"column":18},"end":{"line":14,"column":5}},"line":12},"3":{"name":"(anonymous_3)","decl":{"start":{"line":15,"column":4},"end":{"line":15,"column":5}},"loc":{"start":{"line":15,"column":22},"end":{"line":17,"column":5}},"line":15}},"branchMap":{},"s":{"0":11,"1":11,"2":11,"3":11},"f":{"0":11,"1":0,"2":0,"3":0},"b":{},"_coverageSchema":"1a1c01bbd47fc00a2c39e90264f33305004495a9","hash":"f15d0af50adea0dc20e113dabef08b7799b16c30"}
,"C:\\Users\\madmi\\Desktop\\ISIT320\\RPG_Project\\RPG_Project\\static\\javascript\\Classes\\supUnit.js": {"path":"C:\\Users\\madmi\\Desktop\\ISIT320\\RPG_Project\\RPG_Project\\static\\javascript\\Classes\\supUnit.js","statementMap":{"0":{"start":{"line":9,"column":2},"end":{"line":9,"column":33}},"1":{"start":{"line":12,"column":8},"end":{"line":12,"column":23}},"2":{"start":{"line":13,"column":2},"end":{"line":13,"column":19}},"3":{"start":{"line":14,"column":2},"end":{"line":14,"column":17}},"4":{"start":{"line":15,"column":2},"end":{"line":15,"column":17}},"5":{"start":{"line":16,"column":2},"end":{"line":16,"column":17}},"6":{"start":{"line":17,"column":2},"end":{"line":17,"column":17}},"7":{"start":{"line":18,"column":2},"end":{"line":18,"column":17}},"8":{"start":{"line":19,"column":2},"end":{"line":19,"column":30}},"9":{"start":{"line":20,"column":2},"end":{"line":20,"column":28}},"10":{"start":{"line":23,"column":2},"end":{"line":23,"column":22}},"11":{"start":{"line":25,"column":2},"end":{"line":25,"column":23}},"12":{"start":{"line":26,"column":2},"end":{"line":26,"column":24}},"13":{"start":{"line":29,"column":2},"end":{"line":29,"column":54}},"14":{"start":{"line":30,"column":2},"end":{"line":30,"column":32}},"15":{"start":{"line":31,"column":2},"end":{"line":31,"column":54}},"16":{"start":{"line":32,"column":2},"end":{"line":32,"column":22}},"17":{"start":{"line":33,"column":2},"end":{"line":33,"column":56}},"18":{"start":{"line":34,"column":2},"end":{"line":34,"column":34}},"19":{"start":{"line":35,"column":2},"end":{"line":35,"column":19}},"20":{"start":{"line":38,"column":2},"end":{"line":38,"column":24}},"21":{"start":{"line":39,"column":2},"end":{"line":41,"column":4}},"22":{"start":{"line":44,"column":2},"end":{"line":44,"column":33}},"23":{"start":{"line":49,"column":2},"end":{"line":62,"column":3}},"24":{"start":{"line":50,"column":3},"end":{"line":61,"column":5}},"25":{"start":{"line":65,"column":2},"end":{"line":80,"column":3}},"26":{"start":{"line":66,"column":3},"end":{"line":76,"column":5}},"27":{"start":{"line":83,"column":2},"end":{"line":83,"column":24}},"28":{"start":{"line":84,"column":2},"end":{"line":84,"column":30}},"29":{"start":{"line":85,"column":2},"end":{"line":85,"column":49}},"30":{"start":{"line":85,"column":28},"end":{"line":85,"column":49}},"31":{"start":{"line":95,"column":2},"end":{"line":98,"column":3}},"32":{"start":{"line":96,"column":3},"end":{"line":96,"column":23}},"33":{"start":{"line":97,"column":3},"end":{"line":97,"column":26}},"34":{"start":{"line":100,"column":18},"end":{"line":100,"column":66}},"35":{"start":{"line":101,"column":2},"end":{"line":106,"column":3}},"36":{"start":{"line":102,"column":3},"end":{"line":102,"column":24}},"37":{"start":{"line":103,"column":18},"end":{"line":103,"column":42}},"38":{"start":{"line":104,"column":3},"end":{"line":104,"column":25}},"39":{"start":{"line":105,"column":3},"end":{"line":105,"column":30}},"40":{"start":{"line":107,"column":2},"end":{"line":107,"column":82}},"41":{"start":{"line":109,"column":19},"end":{"line":109,"column":21}},"42":{"start":{"line":110,"column":2},"end":{"line":180,"column":3}},"43":{"start":{"line":113,"column":17},"end":{"line":113,"column":19}},"44":{"start":{"line":115,"column":3},"end":{"line":149,"column":4}},"45":{"start":{"line":116,"column":4},"end":{"line":116,"column":26}},"46":{"start":{"line":117,"column":4},"end":{"line":117,"column":23}},"47":{"start":{"line":119,"column":4},"end":{"line":129,"column":5}},"48":{"start":{"line":120,"column":5},"end":{"line":128,"column":6}},"49":{"start":{"line":121,"column":6},"end":{"line":121,"column":58}},"50":{"start":{"line":123,"column":10},"end":{"line":128,"column":6}},"51":{"start":{"line":124,"column":6},"end":{"line":124,"column":55}},"52":{"start":{"line":126,"column":10},"end":{"line":128,"column":6}},"53":{"start":{"line":127,"column":6},"end":{"line":127,"column":44}},"54":{"start":{"line":135,"column":4},"end":{"line":135,"column":27}},"55":{"start":{"line":136,"column":4},"end":{"line":136,"column":23}},"56":{"start":{"line":138,"column":4},"end":{"line":148,"column":5}},"57":{"start":{"line":139,"column":5},"end":{"line":147,"column":6}},"58":{"start":{"line":140,"column":6},"end":{"line":140,"column":59}},"59":{"start":{"line":142,"column":10},"end":{"line":147,"column":6}},"60":{"start":{"line":143,"column":6},"end":{"line":143,"column":55}},"61":{"start":{"line":145,"column":10},"end":{"line":147,"column":6}},"62":{"start":{"line":146,"column":6},"end":{"line":146,"column":44}},"63":{"start":{"line":150,"column":20},"end":{"line":150,"column":22}},"64":{"start":{"line":151,"column":3},"end":{"line":168,"column":4}},"65":{"start":{"line":151,"column":18},"end":{"line":151,"column":19}},"66":{"start":{"line":152,"column":21},"end":{"line":152,"column":123}},"67":{"start":{"line":153,"column":20},"end":{"line":153,"column":25}},"68":{"start":{"line":154,"column":4},"end":{"line":154,"column":37}},"69":{"start":{"line":155,"column":4},"end":{"line":155,"column":56}},"70":{"start":{"line":157,"column":4},"end":{"line":162,"column":5}},"71":{"start":{"line":158,"column":5},"end":{"line":158,"column":24}},"72":{"start":{"line":160,"column":9},"end":{"line":162,"column":5}},"73":{"start":{"line":161,"column":5},"end":{"line":161,"column":24}},"74":{"start":{"line":163,"column":4},"end":{"line":167,"column":6}},"75":{"start":{"line":170,"column":3},"end":{"line":179,"column":4}},"76":{"start":{"line":171,"column":4},"end":{"line":171,"column":55}},"77":{"start":{"line":175,"column":16},"end":{"line":175,"column":73}},"78":{"start":{"line":176,"column":4},"end":{"line":178,"column":5}},"79":{"start":{"line":177,"column":5},"end":{"line":177,"column":70}},"80":{"start":{"line":182,"column":2},"end":{"line":182,"column":20}},"81":{"start":{"line":186,"column":19},"end":{"line":186,"column":65}},"82":{"start":{"line":188,"column":2},"end":{"line":190,"column":3}},"83":{"start":{"line":189,"column":3},"end":{"line":189,"column":20}},"84":{"start":{"line":191,"column":2},"end":{"line":193,"column":3}},"85":{"start":{"line":192,"column":3},"end":{"line":192,"column":20}},"86":{"start":{"line":195,"column":2},"end":{"line":195,"column":70}},"87":{"start":{"line":195,"column":44},"end":{"line":195,"column":70}},"88":{"start":{"line":196,"column":2},"end":{"line":196,"column":22}},"89":{"start":{"line":200,"column":20},"end":{"line":200,"column":28}},"90":{"start":{"line":201,"column":2},"end":{"line":201,"column":45}},"91":{"start":{"line":202,"column":2},"end":{"line":208,"column":3}},"92":{"start":{"line":205,"column":3},"end":{"line":207,"column":4}},"93":{"start":{"line":206,"column":4},"end":{"line":206,"column":34}},"94":{"start":{"line":210,"column":20},"end":{"line":210,"column":45}},"95":{"start":{"line":211,"column":15},"end":{"line":211,"column":21}},"96":{"start":{"line":212,"column":25},"end":{"line":212,"column":28}},"97":{"start":{"line":213,"column":14},"end":{"line":213,"column":43}},"98":{"start":{"line":214,"column":14},"end":{"line":214,"column":43}},"99":{"start":{"line":215,"column":21},"end":{"line":215,"column":33}},"100":{"start":{"line":216,"column":2},"end":{"line":219,"column":3}},"101":{"start":{"line":217,"column":3},"end":{"line":218,"column":61}},"102":{"start":{"line":218,"column":3},"end":{"line":218,"column":61}},"103":{"start":{"line":221,"column":2},"end":{"line":252,"column":3}},"104":{"start":{"line":222,"column":3},"end":{"line":251,"column":4}},"105":{"start":{"line":223,"column":4},"end":{"line":223,"column":20}},"106":{"start":{"line":224,"column":4},"end":{"line":224,"column":22}},"107":{"start":{"line":225,"column":4},"end":{"line":225,"column":26}},"108":{"start":{"line":228,"column":4},"end":{"line":228,"column":42}},"109":{"start":{"line":229,"column":4},"end":{"line":229,"column":42}},"110":{"start":{"line":230,"column":21},"end":{"line":230,"column":31}},"111":{"start":{"line":231,"column":4},"end":{"line":234,"column":5}},"112":{"start":{"line":232,"column":5},"end":{"line":233,"column":59}},"113":{"start":{"line":233,"column":5},"end":{"line":233,"column":59}},"114":{"start":{"line":236,"column":4},"end":{"line":250,"column":5}},"115":{"start":{"line":237,"column":5},"end":{"line":237,"column":21}},"116":{"start":{"line":238,"column":5},"end":{"line":238,"column":24}},"117":{"start":{"line":239,"column":5},"end":{"line":239,"column":27}},"118":{"start":{"line":242,"column":9},"end":{"line":250,"column":5}},"119":{"start":{"line":243,"column":5},"end":{"line":243,"column":47}},"120":{"start":{"line":244,"column":5},"end":{"line":244,"column":34}},"121":{"start":{"line":245,"column":5},"end":{"line":245,"column":28}},"122":{"start":{"line":248,"column":5},"end":{"line":248,"column":22}},"123":{"start":{"line":249,"column":5},"end":{"line":249,"column":28}},"124":{"start":{"line":253,"column":15},"end":{"line":253,"column":70}},"125":{"start":{"line":255,"column":2},"end":{"line":257,"column":3}},"126":{"start":{"line":256,"column":3},"end":{"line":256,"column":18}},"127":{"start":{"line":258,"column":24},"end":{"line":258,"column":50}},"128":{"start":{"line":261,"column":2},"end":{"line":261,"column":33}},"129":{"start":{"line":262,"column":2},"end":{"line":262,"column":21}},"130":{"start":{"line":263,"column":19},"end":{"line":268,"column":3}},"131":{"start":{"line":270,"column":2},"end":{"line":270,"column":18}},"132":{"start":{"line":275,"column":2},"end":{"line":275,"column":53}},"133":{"start":{"line":280,"column":2},"end":{"line":284,"column":3}},"134":{"start":{"line":281,"column":3},"end":{"line":281,"column":23}},"135":{"start":{"line":282,"column":3},"end":{"line":282,"column":39}},"136":{"start":{"line":283,"column":3},"end":{"line":283,"column":22}},"137":{"start":{"line":285,"column":2},"end":{"line":287,"column":3}},"138":{"start":{"line":286,"column":3},"end":{"line":286,"column":32}},"139":{"start":{"line":291,"column":2},"end":{"line":301,"column":3}},"140":{"start":{"line":293,"column":3},"end":{"line":293,"column":42}},"141":{"start":{"line":298,"column":3},"end":{"line":300,"column":4}},"142":{"start":{"line":299,"column":4},"end":{"line":299,"column":34}},"143":{"start":{"line":307,"column":17},"end":{"line":307,"column":19}},"144":{"start":{"line":308,"column":2},"end":{"line":312,"column":3}},"145":{"start":{"line":309,"column":3},"end":{"line":311,"column":4}},"146":{"start":{"line":310,"column":4},"end":{"line":310,"column":40}},"147":{"start":{"line":314,"column":2},"end":{"line":316,"column":3}},"148":{"start":{"line":315,"column":3},"end":{"line":315,"column":21}},"149":{"start":{"line":317,"column":2},"end":{"line":317,"column":14}}},"fnMap":{"0":{"name":"(anonymous_0)","decl":{"start":{"line":7,"column":4},"end":{"line":7,"column":5}},"loc":{"start":{"line":7,"column":95},"end":{"line":42,"column":2}},"line":7},"1":{"name":"(anonymous_1)","decl":{"start":{"line":43,"column":1},"end":{"line":43,"column":2}},"loc":{"start":{"line":43,"column":13},"end":{"line":45,"column":2}},"line":43},"2":{"name":"(anonymous_2)","decl":{"start":{"line":48,"column":1},"end":{"line":48,"column":2}},"loc":{"start":{"line":48,"column":28},"end":{"line":63,"column":2}},"line":48},"3":{"name":"(anonymous_3)","decl":{"start":{"line":64,"column":1},"end":{"line":64,"column":2}},"loc":{"start":{"line":64,"column":30},"end":{"line":81,"column":2}},"line":64},"4":{"name":"(anonymous_4)","decl":{"start":{"line":82,"column":1},"end":{"line":82,"column":2}},"loc":{"start":{"line":82,"column":28},"end":{"line":86,"column":2}},"line":82},"5":{"name":"(anonymous_5)","decl":{"start":{"line":93,"column":1},"end":{"line":93,"column":2}},"loc":{"start":{"line":93,"column":29},"end":{"line":183,"column":2}},"line":93},"6":{"name":"(anonymous_6)","decl":{"start":{"line":185,"column":1},"end":{"line":185,"column":2}},"loc":{"start":{"line":185,"column":23},"end":{"line":197,"column":2}},"line":185},"7":{"name":"(anonymous_7)","decl":{"start":{"line":199,"column":1},"end":{"line":199,"column":2}},"loc":{"start":{"line":199,"column":22},"end":{"line":271,"column":2}},"line":199},"8":{"name":"(anonymous_8)","decl":{"start":{"line":274,"column":1},"end":{"line":274,"column":2}},"loc":{"start":{"line":274,"column":25},"end":{"line":276,"column":2}},"line":274},"9":{"name":"(anonymous_9)","decl":{"start":{"line":279,"column":1},"end":{"line":279,"column":2}},"loc":{"start":{"line":279,"column":15},"end":{"line":288,"column":2}},"line":279},"10":{"name":"(anonymous_10)","decl":{"start":{"line":290,"column":1},"end":{"line":290,"column":2}},"loc":{"start":{"line":290,"column":18},"end":{"line":302,"column":2}},"line":290},"11":{"name":"(anonymous_11)","decl":{"start":{"line":305,"column":1},"end":{"line":305,"column":2}},"loc":{"start":{"line":305,"column":11},"end":{"line":318,"column":2}},"line":305}},"branchMap":{"0":{"loc":{"start":{"line":85,"column":2},"end":{"line":85,"column":49}},"type":"if","locations":[{"start":{"line":85,"column":2},"end":{"line":85,"column":49}},{"start":{},"end":{}}],"line":85},"1":{"loc":{"start":{"line":95,"column":2},"end":{"line":98,"column":3}},"type":"if","locations":[{"start":{"line":95,"column":2},"end":{"line":98,"column":3}},{"start":{},"end":{}}],"line":95},"2":{"loc":{"start":{"line":101,"column":2},"end":{"line":106,"column":3}},"type":"if","locations":[{"start":{"line":101,"column":2},"end":{"line":106,"column":3}},{"start":{},"end":{}}],"line":101},"3":{"loc":{"start":{"line":115,"column":3},"end":{"line":149,"column":4}},"type":"if","locations":[{"start":{"line":115,"column":3},"end":{"line":149,"column":4}},{"start":{"line":134,"column":8},"end":{"line":149,"column":4}}],"line":115},"4":{"loc":{"start":{"line":120,"column":5},"end":{"line":128,"column":6}},"type":"if","locations":[{"start":{"line":120,"column":5},"end":{"line":128,"column":6}},{"start":{"line":123,"column":10},"end":{"line":128,"column":6}}],"line":120},"5":{"loc":{"start":{"line":123,"column":10},"end":{"line":128,"column":6}},"type":"if","locations":[{"start":{"line":123,"column":10},"end":{"line":128,"column":6}},{"start":{"line":126,"column":10},"end":{"line":128,"column":6}}],"line":123},"6":{"loc":{"start":{"line":126,"column":10},"end":{"line":128,"column":6}},"type":"if","locations":[{"start":{"line":126,"column":10},"end":{"line":128,"column":6}},{"start":{},"end":{}}],"line":126},"7":{"loc":{"start":{"line":139,"column":5},"end":{"line":147,"column":6}},"type":"if","locations":[{"start":{"line":139,"column":5},"end":{"line":147,"column":6}},{"start":{"line":142,"column":10},"end":{"line":147,"column":6}}],"line":139},"8":{"loc":{"start":{"line":142,"column":10},"end":{"line":147,"column":6}},"type":"if","locations":[{"start":{"line":142,"column":10},"end":{"line":147,"column":6}},{"start":{"line":145,"column":10},"end":{"line":147,"column":6}}],"line":142},"9":{"loc":{"start":{"line":145,"column":10},"end":{"line":147,"column":6}},"type":"if","locations":[{"start":{"line":145,"column":10},"end":{"line":147,"column":6}},{"start":{},"end":{}}],"line":145},"10":{"loc":{"start":{"line":157,"column":4},"end":{"line":162,"column":5}},"type":"if","locations":[{"start":{"line":157,"column":4},"end":{"line":162,"column":5}},{"start":{"line":160,"column":9},"end":{"line":162,"column":5}}],"line":157},"11":{"loc":{"start":{"line":160,"column":9},"end":{"line":162,"column":5}},"type":"if","locations":[{"start":{"line":160,"column":9},"end":{"line":162,"column":5}},{"start":{},"end":{}}],"line":160},"12":{"loc":{"start":{"line":170,"column":3},"end":{"line":179,"column":4}},"type":"if","locations":[{"start":{"line":170,"column":3},"end":{"line":179,"column":4}},{"start":{"line":174,"column":8},"end":{"line":179,"column":4}}],"line":170},"13":{"loc":{"start":{"line":188,"column":2},"end":{"line":190,"column":3}},"type":"if","locations":[{"start":{"line":188,"column":2},"end":{"line":190,"column":3}},{"start":{},"end":{}}],"line":188},"14":{"loc":{"start":{"line":191,"column":2},"end":{"line":193,"column":3}},"type":"if","locations":[{"start":{"line":191,"column":2},"end":{"line":193,"column":3}},{"start":{},"end":{}}],"line":191},"15":{"loc":{"start":{"line":195,"column":2},"end":{"line":195,"column":70}},"type":"if","locations":[{"start":{"line":195,"column":2},"end":{"line":195,"column":70}},{"start":{},"end":{}}],"line":195},"16":{"loc":{"start":{"line":202,"column":2},"end":{"line":208,"column":3}},"type":"if","locations":[{"start":{"line":202,"column":2},"end":{"line":208,"column":3}},{"start":{},"end":{}}],"line":202},"17":{"loc":{"start":{"line":217,"column":3},"end":{"line":218,"column":61}},"type":"if","locations":[{"start":{"line":217,"column":3},"end":{"line":218,"column":61}},{"start":{},"end":{}}],"line":217},"18":{"loc":{"start":{"line":221,"column":2},"end":{"line":252,"column":3}},"type":"if","locations":[{"start":{"line":221,"column":2},"end":{"line":252,"column":3}},{"start":{},"end":{}}],"line":221},"19":{"loc":{"start":{"line":222,"column":3},"end":{"line":251,"column":4}},"type":"if","locations":[{"start":{"line":222,"column":3},"end":{"line":251,"column":4}},{"start":{"line":227,"column":8},"end":{"line":251,"column":4}}],"line":222},"20":{"loc":{"start":{"line":222,"column":7},"end":{"line":222,"column":51}},"type":"binary-expr","locations":[{"start":{"line":222,"column":7},"end":{"line":222,"column":27}},{"start":{"line":222,"column":31},"end":{"line":222,"column":51}}],"line":222},"21":{"loc":{"start":{"line":232,"column":5},"end":{"line":233,"column":59}},"type":"if","locations":[{"start":{"line":232,"column":5},"end":{"line":233,"column":59}},{"start":{},"end":{}}],"line":232},"22":{"loc":{"start":{"line":236,"column":4},"end":{"line":250,"column":5}},"type":"if","locations":[{"start":{"line":236,"column":4},"end":{"line":250,"column":5}},{"start":{"line":242,"column":9},"end":{"line":250,"column":5}}],"line":236},"23":{"loc":{"start":{"line":236,"column":8},"end":{"line":236,"column":48}},"type":"binary-expr","locations":[{"start":{"line":236,"column":8},"end":{"line":236,"column":26}},{"start":{"line":236,"column":30},"end":{"line":236,"column":48}}],"line":236},"24":{"loc":{"start":{"line":242,"column":9},"end":{"line":250,"column":5}},"type":"if","locations":[{"start":{"line":242,"column":9},"end":{"line":250,"column":5}},{"start":{"line":247,"column":9},"end":{"line":250,"column":5}}],"line":242},"25":{"loc":{"start":{"line":242,"column":13},"end":{"line":242,"column":53}},"type":"binary-expr","locations":[{"start":{"line":242,"column":13},"end":{"line":242,"column":31}},{"start":{"line":242,"column":35},"end":{"line":242,"column":53}}],"line":242},"26":{"loc":{"start":{"line":255,"column":2},"end":{"line":257,"column":3}},"type":"if","locations":[{"start":{"line":255,"column":2},"end":{"line":257,"column":3}},{"start":{},"end":{}}],"line":255},"27":{"loc":{"start":{"line":255,"column":6},"end":{"line":255,"column":42}},"type":"binary-expr","locations":[{"start":{"line":255,"column":6},"end":{"line":255,"column":22}},{"start":{"line":255,"column":26},"end":{"line":255,"column":42}}],"line":255},"28":{"loc":{"start":{"line":280,"column":2},"end":{"line":284,"column":3}},"type":"if","locations":[{"start":{"line":280,"column":2},"end":{"line":284,"column":3}},{"start":{},"end":{}}],"line":280},"29":{"loc":{"start":{"line":285,"column":2},"end":{"line":287,"column":3}},"type":"if","locations":[{"start":{"line":285,"column":2},"end":{"line":287,"column":3}},{"start":{},"end":{}}],"line":285},"30":{"loc":{"start":{"line":285,"column":6},"end":{"line":285,"column":58}},"type":"binary-expr","locations":[{"start":{"line":285,"column":6},"end":{"line":285,"column":25}},{"start":{"line":285,"column":29},"end":{"line":285,"column":58}}],"line":285},"31":{"loc":{"start":{"line":298,"column":3},"end":{"line":300,"column":4}},"type":"if","locations":[{"start":{"line":298,"column":3},"end":{"line":300,"column":4}},{"start":{},"end":{}}],"line":298},"32":{"loc":{"start":{"line":309,"column":3},"end":{"line":311,"column":4}},"type":"if","locations":[{"start":{"line":309,"column":3},"end":{"line":311,"column":4}},{"start":{},"end":{}}],"line":309},"33":{"loc":{"start":{"line":314,"column":2},"end":{"line":316,"column":3}},"type":"if","locations":[{"start":{"line":314,"column":2},"end":{"line":316,"column":3}},{"start":{},"end":{}}],"line":314}},"s":{"0":4,"1":4,"2":4,"3":4,"4":4,"5":4,"6":4,"7":4,"8":4,"9":4,"10":4,"11":4,"12":4,"13":4,"14":4,"15":4,"16":4,"17":4,"18":4,"19":4,"20":4,"21":4,"22":2,"23":4,"24":9,"25":2,"26":2,"27":5,"28":5,"29":5,"30":0,"31":5,"32":0,"33":0,"34":5,"35":5,"36":0,"37":0,"38":0,"39":0,"40":5,"41":5,"42":5,"43":10,"44":10,"45":10,"46":10,"47":10,"48":0,"49":0,"50":0,"51":0,"52":0,"53":0,"54":0,"55":0,"56":0,"57":0,"58":0,"59":0,"60":0,"61":0,"62":0,"63":10,"64":10,"65":10,"66":30,"67":30,"68":30,"69":30,"70":30,"71":0,"72":30,"73":2,"74":30,"75":10,"76":10,"77":0,"78":0,"79":0,"80":5,"81":30,"82":30,"83":0,"84":30,"85":0,"86":30,"87":30,"88":30,"89":30,"90":30,"91":30,"92":30,"93":0,"94":30,"95":30,"96":30,"97":30,"98":30,"99":30,"100":30,"101":0,"102":0,"103":30,"104":30,"105":10,"106":10,"107":10,"108":20,"109":20,"110":20,"111":20,"112":0,"113":0,"114":20,"115":0,"116":0,"117":0,"118":20,"119":4,"120":4,"121":4,"122":16,"123":16,"124":30,"125":30,"126":20,"127":30,"128":30,"129":30,"130":30,"131":30,"132":0,"133":30,"134":0,"135":0,"136":0,"137":30,"138":0,"139":0,"140":0,"141":0,"142":0,"143":0,"144":0,"145":0,"146":0,"147":0,"148":0,"149":0},"f":{"0":4,"1":2,"2":4,"3":2,"4":5,"5":5,"6":30,"7":30,"8":0,"9":30,"10":0,"11":0},"b":{"0":[0,5],"1":[0,5],"2":[0,5],"3":[10,0],"4":[0,0],"5":[0,0],"6":[0,0],"7":[0,0],"8":[0,0],"9":[0,0],"10":[0,30],"11":[2,28],"12":[10,0],"13":[0,30],"14":[0,30],"15":[30,0],"16":[30,0],"17":[0,0],"18":[30,0],"19":[10,20],"20":[30,25],"21":[0,0],"22":[0,20],"23":[20,1],"24":[4,16],"25":[20,19],"26":[20,10],"27":[30,30],"28":[0,30],"29":[0,30],"30":[30,5],"31":[0,0],"32":[0,0],"33":[0,0]},"_coverageSchema":"1a1c01bbd47fc00a2c39e90264f33305004495a9","hash":"65968e1c62fde2d314ee132f3580f16f410ec1fa"}
}
