{"C:\\Users\\ianbe\\Documents\\git-repos\\RPG_Project\\static\\javascript\\Classes\\game.js": {"path":"C:\\Users\\ianbe\\Documents\\git-repos\\RPG_Project\\static\\javascript\\Classes\\game.js","statementMap":{"0":{"start":{"line":1,"column":18},"end":{"line":1,"column":43}},"1":{"start":{"line":2,"column":14},"end":{"line":2,"column":35}},"2":{"start":{"line":6,"column":8},"end":{"line":6,"column":32}},"3":{"start":{"line":7,"column":8},"end":{"line":7,"column":28}},"4":{"start":{"line":11,"column":8},"end":{"line":32,"column":9}},"5":{"start":{"line":12,"column":12},"end":{"line":23,"column":14}},"6":{"start":{"line":26,"column":12},"end":{"line":28,"column":13}},"7":{"start":{"line":27,"column":16},"end":{"line":27,"column":88}},"8":{"start":{"line":29,"column":12},"end":{"line":31,"column":13}},"9":{"start":{"line":30,"column":16},"end":{"line":30,"column":89}},"10":{"start":{"line":36,"column":8},"end":{"line":57,"column":9}},"11":{"start":{"line":37,"column":12},"end":{"line":48,"column":14}},"12":{"start":{"line":51,"column":12},"end":{"line":51,"column":41}},"13":{"start":{"line":52,"column":16},"end":{"line":52,"column":76}},"14":{"start":{"line":54,"column":12},"end":{"line":56,"column":13}},"15":{"start":{"line":55,"column":16},"end":{"line":55,"column":77}},"16":{"start":{"line":62,"column":0},"end":{"line":62,"column":22}}},"fnMap":{"0":{"name":"(anonymous_0)","decl":{"start":{"line":5,"column":4},"end":{"line":5,"column":5}},"loc":{"start":{"line":5,"column":18},"end":{"line":8,"column":5}},"line":5},"1":{"name":"(anonymous_1)","decl":{"start":{"line":10,"column":4},"end":{"line":10,"column":5}},"loc":{"start":{"line":10,"column":37},"end":{"line":33,"column":5}},"line":10},"2":{"name":"(anonymous_2)","decl":{"start":{"line":35,"column":4},"end":{"line":35,"column":5}},"loc":{"start":{"line":35,"column":29},"end":{"line":58,"column":5}},"line":35}},"branchMap":{"0":{"loc":{"start":{"line":26,"column":12},"end":{"line":28,"column":13}},"type":"if","locations":[{"start":{"line":26,"column":12},"end":{"line":28,"column":13}},{"start":{},"end":{}}],"line":26},"1":{"loc":{"start":{"line":29,"column":12},"end":{"line":31,"column":13}},"type":"if","locations":[{"start":{"line":29,"column":12},"end":{"line":31,"column":13}},{"start":{},"end":{}}],"line":29},"2":{"loc":{"start":{"line":51,"column":12},"end":{"line":51,"column":41}},"type":"if","locations":[{"start":{"line":51,"column":12},"end":{"line":51,"column":41}},{"start":{},"end":{}}],"line":51},"3":{"loc":{"start":{"line":54,"column":12},"end":{"line":56,"column":13}},"type":"if","locations":[{"start":{"line":54,"column":12},"end":{"line":56,"column":13}},{"start":{},"end":{}}],"line":54}},"s":{"0":1,"1":1,"2":1,"3":1,"4":1,"5":1,"6":1,"7":1,"8":1,"9":1,"10":1,"11":1,"12":1,"13":1,"14":1,"15":0,"16":1},"f":{"0":1,"1":1,"2":1},"b":{"0":[1,0],"1":[1,0],"2":[1,0],"3":[0,1]},"_coverageSchema":"1a1c01bbd47fc00a2c39e90264f33305004495a9","hash":"2c02d0e7c715db956d267dd447986f3ce984294e"}
,"C:\\Users\\ianbe\\Documents\\git-repos\\RPG_Project\\static\\javascript\\Classes\\subAttack.js": {"path":"C:\\Users\\ianbe\\Documents\\git-repos\\RPG_Project\\static\\javascript\\Classes\\subAttack.js","statementMap":{"0":{"start":{"line":1,"column":18},"end":{"line":1,"column":43}},"1":{"start":{"line":5,"column":8},"end":{"line":5,"column":42}},"2":{"start":{"line":7,"column":8},"end":{"line":7,"column":33}},"3":{"start":{"line":8,"column":8},"end":{"line":8,"column":39}},"4":{"start":{"line":9,"column":8},"end":{"line":9,"column":41}},"5":{"start":{"line":10,"column":8},"end":{"line":10,"column":25}},"6":{"start":{"line":11,"column":8},"end":{"line":11,"column":43}},"7":{"start":{"line":15,"column":24},"end":{"line":15,"column":110}},"8":{"start":{"line":16,"column":8},"end":{"line":18,"column":9}},"9":{"start":{"line":17,"column":12},"end":{"line":17,"column":27}},"10":{"start":{"line":19,"column":22},"end":{"line":19,"column":51}},"11":{"start":{"line":20,"column":22},"end":{"line":20,"column":51}},"12":{"start":{"line":22,"column":8},"end":{"line":22,"column":69}},"13":{"start":{"line":24,"column":8},"end":{"line":32,"column":9}},"14":{"start":{"line":25,"column":12},"end":{"line":25,"column":23}},"15":{"start":{"line":27,"column":13},"end":{"line":32,"column":9}},"16":{"start":{"line":28,"column":12},"end":{"line":28,"column":23}},"17":{"start":{"line":31,"column":12},"end":{"line":31,"column":21}},"18":{"start":{"line":36,"column":21},"end":{"line":36,"column":50}},"19":{"start":{"line":37,"column":8},"end":{"line":42,"column":9}},"20":{"start":{"line":38,"column":12},"end":{"line":38,"column":21}},"21":{"start":{"line":41,"column":12},"end":{"line":41,"column":21}},"22":{"start":{"line":46,"column":23},"end":{"line":46,"column":57}},"23":{"start":{"line":47,"column":24},"end":{"line":47,"column":35}},"24":{"start":{"line":49,"column":8},"end":{"line":49,"column":123}},"25":{"start":{"line":51,"column":25},"end":{"line":51,"column":121}},"26":{"start":{"line":53,"column":8},"end":{"line":55,"column":9}},"27":{"start":{"line":54,"column":12},"end":{"line":54,"column":62}},"28":{"start":{"line":57,"column":8},"end":{"line":57,"column":52}},"29":{"start":{"line":62,"column":2},"end":{"line":62,"column":26}}},"fnMap":{"0":{"name":"(anonymous_0)","decl":{"start":{"line":4,"column":4},"end":{"line":4,"column":5}},"loc":{"start":{"line":4,"column":102},"end":{"line":12,"column":5}},"line":4},"1":{"name":"(anonymous_1)","decl":{"start":{"line":13,"column":4},"end":{"line":13,"column":5}},"loc":{"start":{"line":13,"column":36},"end":{"line":33,"column":5}},"line":13},"2":{"name":"(anonymous_2)","decl":{"start":{"line":35,"column":4},"end":{"line":35,"column":5}},"loc":{"start":{"line":35,"column":11},"end":{"line":43,"column":5}},"line":35},"3":{"name":"(anonymous_3)","decl":{"start":{"line":45,"column":4},"end":{"line":45,"column":5}},"loc":{"start":{"line":45,"column":67},"end":{"line":58,"column":5}},"line":45}},"branchMap":{"0":{"loc":{"start":{"line":16,"column":8},"end":{"line":18,"column":9}},"type":"if","locations":[{"start":{"line":16,"column":8},"end":{"line":18,"column":9}},{"start":{},"end":{}}],"line":16},"1":{"loc":{"start":{"line":24,"column":8},"end":{"line":32,"column":9}},"type":"if","locations":[{"start":{"line":24,"column":8},"end":{"line":32,"column":9}},{"start":{"line":27,"column":13},"end":{"line":32,"column":9}}],"line":24},"2":{"loc":{"start":{"line":24,"column":12},"end":{"line":24,"column":52}},"type":"binary-expr","locations":[{"start":{"line":24,"column":12},"end":{"line":24,"column":30}},{"start":{"line":24,"column":34},"end":{"line":24,"column":52}}],"line":24},"3":{"loc":{"start":{"line":27,"column":13},"end":{"line":32,"column":9}},"type":"if","locations":[{"start":{"line":27,"column":13},"end":{"line":32,"column":9}},{"start":{"line":30,"column":13},"end":{"line":32,"column":9}}],"line":27},"4":{"loc":{"start":{"line":27,"column":17},"end":{"line":27,"column":57}},"type":"binary-expr","locations":[{"start":{"line":27,"column":17},"end":{"line":27,"column":35}},{"start":{"line":27,"column":39},"end":{"line":27,"column":57}}],"line":27},"5":{"loc":{"start":{"line":37,"column":8},"end":{"line":42,"column":9}},"type":"if","locations":[{"start":{"line":37,"column":8},"end":{"line":42,"column":9}},{"start":{"line":40,"column":13},"end":{"line":42,"column":9}}],"line":37}},"s":{"0":1,"1":4,"2":4,"3":4,"4":4,"5":4,"6":4,"7":1,"8":1,"9":0,"10":1,"11":1,"12":1,"13":1,"14":0,"15":1,"16":0,"17":1,"18":1,"19":1,"20":0,"21":1,"22":1,"23":1,"24":1,"25":1,"26":1,"27":0,"28":1,"29":1},"f":{"0":4,"1":1,"2":1,"3":1},"b":{"0":[0,1],"1":[0,1],"2":[1,0],"3":[0,1],"4":[1,1],"5":[0,1]},"_coverageSchema":"1a1c01bbd47fc00a2c39e90264f33305004495a9","hash":"318ac8d631a6d733eba997da7ee355da3ccfb9c2"}
,"C:\\Users\\ianbe\\Documents\\git-repos\\RPG_Project\\static\\javascript\\Classes\\subCharacter.js": {"path":"C:\\Users\\ianbe\\Documents\\git-repos\\RPG_Project\\static\\javascript\\Classes\\subCharacter.js","statementMap":{"0":{"start":{"line":1,"column":16},"end":{"line":1,"column":36}},"1":{"start":{"line":8,"column":8},"end":{"line":8,"column":78}},"2":{"start":{"line":14,"column":8},"end":{"line":14,"column":19}},"3":{"start":{"line":15,"column":8},"end":{"line":15,"column":19}},"4":{"start":{"line":27,"column":8},"end":{"line":37,"column":11}},"5":{"start":{"line":28,"column":27},"end":{"line":28,"column":32}},"6":{"start":{"line":29,"column":12},"end":{"line":32,"column":13}},"7":{"start":{"line":30,"column":16},"end":{"line":30,"column":32}},"8":{"start":{"line":31,"column":16},"end":{"line":31,"column":34}},"9":{"start":{"line":32,"column":14},"end":{"line":35,"column":13}},"10":{"start":{"line":33,"column":16},"end":{"line":33,"column":45}},"11":{"start":{"line":34,"column":16},"end":{"line":34,"column":22}},"12":{"start":{"line":36,"column":12},"end":{"line":36,"column":28}},"13":{"start":{"line":41,"column":0},"end":{"line":41,"column":27}}},"fnMap":{"0":{"name":"(anonymous_0)","decl":{"start":{"line":6,"column":4},"end":{"line":6,"column":5}},"loc":{"start":{"line":6,"column":79},"end":{"line":17,"column":5}},"line":6},"1":{"name":"(anonymous_1)","decl":{"start":{"line":25,"column":4},"end":{"line":25,"column":5}},"loc":{"start":{"line":25,"column":42},"end":{"line":38,"column":5}},"line":25},"2":{"name":"(anonymous_2)","decl":{"start":{"line":27,"column":39},"end":{"line":27,"column":40}},"loc":{"start":{"line":27,"column":49},"end":{"line":37,"column":9}},"line":27}},"branchMap":{"0":{"loc":{"start":{"line":29,"column":12},"end":{"line":32,"column":13}},"type":"if","locations":[{"start":{"line":29,"column":12},"end":{"line":32,"column":13}},{"start":{},"end":{}}],"line":29},"1":{"loc":{"start":{"line":32,"column":14},"end":{"line":35,"column":13}},"type":"if","locations":[{"start":{"line":32,"column":14},"end":{"line":35,"column":13}},{"start":{},"end":{}}],"line":32}},"s":{"0":1,"1":1,"2":1,"3":1,"4":0,"5":0,"6":0,"7":0,"8":0,"9":0,"10":0,"11":0,"12":0,"13":1},"f":{"0":1,"1":0,"2":0},"b":{"0":[0,0],"1":[0,0]},"_coverageSchema":"1a1c01bbd47fc00a2c39e90264f33305004495a9","hash":"ab63d046a9d2333bc40052e29fc0285a9c721a90"}
,"C:\\Users\\ianbe\\Documents\\git-repos\\RPG_Project\\static\\javascript\\Classes\\subEnemy.js": {"path":"C:\\Users\\ianbe\\Documents\\git-repos\\RPG_Project\\static\\javascript\\Classes\\subEnemy.js","statementMap":{"0":{"start":{"line":1,"column":16},"end":{"line":1,"column":36}},"1":{"start":{"line":9,"column":8},"end":{"line":9,"column":78}},"2":{"start":{"line":10,"column":8},"end":{"line":10,"column":27}},"3":{"start":{"line":17,"column":8},"end":{"line":26,"column":9}},"4":{"start":{"line":18,"column":12},"end":{"line":25,"column":15}},"5":{"start":{"line":37,"column":26},"end":{"line":37,"column":48}},"6":{"start":{"line":38,"column":8},"end":{"line":43,"column":9}},"7":{"start":{"line":39,"column":12},"end":{"line":42,"column":13}},"8":{"start":{"line":41,"column":16},"end":{"line":41,"column":58}},"9":{"start":{"line":47,"column":8},"end":{"line":55,"column":9}},"10":{"start":{"line":48,"column":12},"end":{"line":54,"column":13}},"11":{"start":{"line":49,"column":16},"end":{"line":49,"column":57}},"12":{"start":{"line":53,"column":16},"end":{"line":53,"column":46}},"13":{"start":{"line":65,"column":25},"end":{"line":65,"column":27}},"14":{"start":{"line":68,"column":24},"end":{"line":68,"column":37}},"15":{"start":{"line":73,"column":8},"end":{"line":106,"column":9}},"16":{"start":{"line":73,"column":21},"end":{"line":73,"column":22}},"17":{"start":{"line":75,"column":12},"end":{"line":75,"column":49}},"18":{"start":{"line":75,"column":43},"end":{"line":75,"column":49}},"19":{"start":{"line":77,"column":31},"end":{"line":77,"column":32}},"20":{"start":{"line":79,"column":12},"end":{"line":79,"column":32}},"21":{"start":{"line":80,"column":12},"end":{"line":95,"column":13}},"22":{"start":{"line":82,"column":16},"end":{"line":82,"column":34}},"23":{"start":{"line":83,"column":16},"end":{"line":94,"column":17}},"24":{"start":{"line":84,"column":20},"end":{"line":93,"column":21}},"25":{"start":{"line":88,"column":24},"end":{"line":88,"column":56}},"26":{"start":{"line":91,"column":25},"end":{"line":93,"column":21}},"27":{"start":{"line":92,"column":24},"end":{"line":92,"column":56}},"28":{"start":{"line":99,"column":12},"end":{"line":105,"column":13}},"29":{"start":{"line":100,"column":24},"end":{"line":100,"column":69}},"30":{"start":{"line":101,"column":16},"end":{"line":101,"column":46}},"31":{"start":{"line":104,"column":16},"end":{"line":104,"column":46}},"32":{"start":{"line":107,"column":8},"end":{"line":107,"column":26}},"33":{"start":{"line":111,"column":22},"end":{"line":111,"column":48}},"34":{"start":{"line":112,"column":8},"end":{"line":112,"column":51}},"35":{"start":{"line":115,"column":22},"end":{"line":115,"column":48}},"36":{"start":{"line":116,"column":8},"end":{"line":116,"column":45}},"37":{"start":{"line":120,"column":0},"end":{"line":120,"column":23}}},"fnMap":{"0":{"name":"(anonymous_0)","decl":{"start":{"line":8,"column":4},"end":{"line":8,"column":5}},"loc":{"start":{"line":8,"column":80},"end":{"line":11,"column":5}},"line":8},"1":{"name":"(anonymous_1)","decl":{"start":{"line":16,"column":4},"end":{"line":16,"column":5}},"loc":{"start":{"line":16,"column":33},"end":{"line":27,"column":5}},"line":16},"2":{"name":"(anonymous_2)","decl":{"start":{"line":34,"column":4},"end":{"line":34,"column":5}},"loc":{"start":{"line":34,"column":18},"end":{"line":56,"column":5}},"line":34},"3":{"name":"(anonymous_3)","decl":{"start":{"line":64,"column":4},"end":{"line":64,"column":5}},"loc":{"start":{"line":64,"column":26},"end":{"line":109,"column":5}},"line":64},"4":{"name":"(anonymous_4)","decl":{"start":{"line":110,"column":4},"end":{"line":110,"column":5}},"loc":{"start":{"line":110,"column":32},"end":{"line":113,"column":5}},"line":110},"5":{"name":"(anonymous_5)","decl":{"start":{"line":114,"column":4},"end":{"line":114,"column":5}},"loc":{"start":{"line":114,"column":33},"end":{"line":117,"column":5}},"line":114}},"branchMap":{"0":{"loc":{"start":{"line":39,"column":12},"end":{"line":42,"column":13}},"type":"if","locations":[{"start":{"line":39,"column":12},"end":{"line":42,"column":13}},{"start":{},"end":{}}],"line":39},"1":{"loc":{"start":{"line":39,"column":16},"end":{"line":40,"column":71}},"type":"binary-expr","locations":[{"start":{"line":39,"column":16},"end":{"line":39,"column":57}},{"start":{"line":40,"column":19},"end":{"line":40,"column":71}}],"line":39},"2":{"loc":{"start":{"line":48,"column":12},"end":{"line":54,"column":13}},"type":"if","locations":[{"start":{"line":48,"column":12},"end":{"line":54,"column":13}},{"start":{"line":52,"column":17},"end":{"line":54,"column":13}}],"line":48},"3":{"loc":{"start":{"line":75,"column":12},"end":{"line":75,"column":49}},"type":"if","locations":[{"start":{"line":75,"column":12},"end":{"line":75,"column":49}},{"start":{},"end":{}}],"line":75},"4":{"loc":{"start":{"line":83,"column":16},"end":{"line":94,"column":17}},"type":"if","locations":[{"start":{"line":83,"column":16},"end":{"line":94,"column":17}},{"start":{},"end":{}}],"line":83},"5":{"loc":{"start":{"line":84,"column":20},"end":{"line":93,"column":21}},"type":"if","locations":[{"start":{"line":84,"column":20},"end":{"line":93,"column":21}},{"start":{"line":91,"column":25},"end":{"line":93,"column":21}}],"line":84},"6":{"loc":{"start":{"line":91,"column":25},"end":{"line":93,"column":21}},"type":"if","locations":[{"start":{"line":91,"column":25},"end":{"line":93,"column":21}},{"start":{},"end":{}}],"line":91},"7":{"loc":{"start":{"line":99,"column":12},"end":{"line":105,"column":13}},"type":"if","locations":[{"start":{"line":99,"column":12},"end":{"line":105,"column":13}},{"start":{"line":103,"column":17},"end":{"line":105,"column":13}}],"line":99}},"s":{"0":1,"1":1,"2":1,"3":1,"4":1,"5":0,"6":0,"7":0,"8":0,"9":0,"10":0,"11":0,"12":0,"13":1,"14":1,"15":1,"16":1,"17":2,"18":1,"19":1,"20":1,"21":1,"22":1,"23":1,"24":1,"25":0,"26":1,"27":1,"28":1,"29":0,"30":0,"31":1,"32":1,"33":1,"34":1,"35":0,"36":0,"37":1},"f":{"0":1,"1":1,"2":0,"3":1,"4":1,"5":0},"b":{"0":[0,0],"1":[0,0],"2":[0,0],"3":[1,1],"4":[1,0],"5":[0,1],"6":[1,0],"7":[0,1]},"_coverageSchema":"1a1c01bbd47fc00a2c39e90264f33305004495a9","hash":"4128cb7d2311c18d26206dac04d7d5c10465b534"}
,"C:\\Users\\ianbe\\Documents\\git-repos\\RPG_Project\\static\\javascript\\Classes\\subSupport.js": {"path":"C:\\Users\\ianbe\\Documents\\git-repos\\RPG_Project\\static\\javascript\\Classes\\subSupport.js","statementMap":{"0":{"start":{"line":1,"column":15},"end":{"line":1,"column":40}},"1":{"start":{"line":5,"column":6},"end":{"line":5,"column":40}},"2":{"start":{"line":6,"column":6},"end":{"line":6,"column":33}},"3":{"start":{"line":7,"column":6},"end":{"line":7,"column":39}},"4":{"start":{"line":8,"column":6},"end":{"line":8,"column":27}},"5":{"start":{"line":9,"column":6},"end":{"line":9,"column":31}},"6":{"start":{"line":10,"column":6},"end":{"line":10,"column":25}},"7":{"start":{"line":14,"column":2},"end":{"line":14,"column":30}}},"fnMap":{"0":{"name":"(anonymous_0)","decl":{"start":{"line":4,"column":4},"end":{"line":4,"column":5}},"loc":{"start":{"line":4,"column":94},"end":{"line":11,"column":5}},"line":4}},"branchMap":{},"s":{"0":1,"1":0,"2":0,"3":0,"4":0,"5":0,"6":0,"7":1},"f":{"0":0},"b":{},"_coverageSchema":"1a1c01bbd47fc00a2c39e90264f33305004495a9","hash":"ab5360e94d32cd281079b7119b6bbf3a3383fa4b"}
,"C:\\Users\\ianbe\\Documents\\git-repos\\RPG_Project\\static\\javascript\\Classes\\supAction.js": {"path":"C:\\Users\\ianbe\\Documents\\git-repos\\RPG_Project\\static\\javascript\\Classes\\supAction.js","statementMap":{"0":{"start":{"line":3,"column":6},"end":{"line":3,"column":29}},"1":{"start":{"line":4,"column":6},"end":{"line":4,"column":31}},"2":{"start":{"line":5,"column":6},"end":{"line":5,"column":29}},"3":{"start":{"line":18,"column":2},"end":{"line":18,"column":29}}},"fnMap":{"0":{"name":"(anonymous_0)","decl":{"start":{"line":2,"column":4},"end":{"line":2,"column":5}},"loc":{"start":{"line":2,"column":44},"end":{"line":6,"column":5}},"line":2},"1":{"name":"(anonymous_1)","decl":{"start":{"line":7,"column":4},"end":{"line":7,"column":5}},"loc":{"start":{"line":7,"column":21},"end":{"line":9,"column":5}},"line":7},"2":{"name":"(anonymous_2)","decl":{"start":{"line":10,"column":4},"end":{"line":10,"column":5}},"loc":{"start":{"line":10,"column":18},"end":{"line":12,"column":5}},"line":10},"3":{"name":"(anonymous_3)","decl":{"start":{"line":13,"column":4},"end":{"line":13,"column":5}},"loc":{"start":{"line":13,"column":22},"end":{"line":15,"column":5}},"line":13}},"branchMap":{},"s":{"0":4,"1":4,"2":4,"3":1},"f":{"0":4,"1":0,"2":0,"3":0},"b":{},"_coverageSchema":"1a1c01bbd47fc00a2c39e90264f33305004495a9","hash":"5bee55d92d4cf38d382e165907532c2ea6cd7a85"}
,"C:\\Users\\ianbe\\Documents\\git-repos\\RPG_Project\\static\\javascript\\Classes\\supUnit.js": {"path":"C:\\Users\\ianbe\\Documents\\git-repos\\RPG_Project\\static\\javascript\\Classes\\supUnit.js","statementMap":{"0":{"start":{"line":1,"column":15},"end":{"line":1,"column":37}},"1":{"start":{"line":2,"column":16},"end":{"line":2,"column":39}},"2":{"start":{"line":9,"column":8},"end":{"line":9,"column":23}},"3":{"start":{"line":10,"column":2},"end":{"line":10,"column":19}},"4":{"start":{"line":11,"column":2},"end":{"line":11,"column":17}},"5":{"start":{"line":12,"column":2},"end":{"line":12,"column":17}},"6":{"start":{"line":13,"column":2},"end":{"line":13,"column":17}},"7":{"start":{"line":14,"column":2},"end":{"line":14,"column":17}},"8":{"start":{"line":15,"column":2},"end":{"line":15,"column":17}},"9":{"start":{"line":16,"column":2},"end":{"line":16,"column":30}},"10":{"start":{"line":17,"column":2},"end":{"line":17,"column":28}},"11":{"start":{"line":20,"column":2},"end":{"line":20,"column":22}},"12":{"start":{"line":22,"column":2},"end":{"line":22,"column":23}},"13":{"start":{"line":23,"column":2},"end":{"line":23,"column":24}},"14":{"start":{"line":26,"column":2},"end":{"line":26,"column":54}},"15":{"start":{"line":27,"column":2},"end":{"line":27,"column":32}},"16":{"start":{"line":28,"column":2},"end":{"line":28,"column":54}},"17":{"start":{"line":29,"column":2},"end":{"line":29,"column":32}},"18":{"start":{"line":30,"column":2},"end":{"line":30,"column":56}},"19":{"start":{"line":31,"column":2},"end":{"line":31,"column":34}},"20":{"start":{"line":32,"column":2},"end":{"line":32,"column":21}},"21":{"start":{"line":35,"column":2},"end":{"line":35,"column":24}},"22":{"start":{"line":36,"column":2},"end":{"line":38,"column":4}},"23":{"start":{"line":43,"column":2},"end":{"line":54,"column":3}},"24":{"start":{"line":44,"column":3},"end":{"line":53,"column":5}},"25":{"start":{"line":57,"column":2},"end":{"line":62,"column":3}},"26":{"start":{"line":58,"column":3},"end":{"line":58,"column":43}},"27":{"start":{"line":72,"column":2},"end":{"line":75,"column":3}},"28":{"start":{"line":73,"column":3},"end":{"line":73,"column":23}},"29":{"start":{"line":74,"column":3},"end":{"line":74,"column":26}},"30":{"start":{"line":77,"column":18},"end":{"line":77,"column":66}},"31":{"start":{"line":78,"column":2},"end":{"line":82,"column":3}},"32":{"start":{"line":79,"column":3},"end":{"line":79,"column":35}},"33":{"start":{"line":80,"column":18},"end":{"line":80,"column":42}},"34":{"start":{"line":81,"column":3},"end":{"line":81,"column":30}},"35":{"start":{"line":84,"column":2},"end":{"line":139,"column":3}},"36":{"start":{"line":87,"column":17},"end":{"line":87,"column":19}},"37":{"start":{"line":89,"column":3},"end":{"line":123,"column":4}},"38":{"start":{"line":90,"column":4},"end":{"line":90,"column":26}},"39":{"start":{"line":91,"column":4},"end":{"line":91,"column":23}},"40":{"start":{"line":93,"column":4},"end":{"line":103,"column":5}},"41":{"start":{"line":94,"column":5},"end":{"line":102,"column":6}},"42":{"start":{"line":95,"column":6},"end":{"line":95,"column":58}},"43":{"start":{"line":97,"column":10},"end":{"line":102,"column":6}},"44":{"start":{"line":98,"column":6},"end":{"line":98,"column":55}},"45":{"start":{"line":100,"column":10},"end":{"line":102,"column":6}},"46":{"start":{"line":101,"column":6},"end":{"line":101,"column":44}},"47":{"start":{"line":109,"column":4},"end":{"line":109,"column":27}},"48":{"start":{"line":110,"column":4},"end":{"line":110,"column":23}},"49":{"start":{"line":112,"column":4},"end":{"line":122,"column":5}},"50":{"start":{"line":113,"column":5},"end":{"line":121,"column":6}},"51":{"start":{"line":114,"column":6},"end":{"line":114,"column":59}},"52":{"start":{"line":116,"column":10},"end":{"line":121,"column":6}},"53":{"start":{"line":117,"column":6},"end":{"line":117,"column":55}},"54":{"start":{"line":119,"column":10},"end":{"line":121,"column":6}},"55":{"start":{"line":120,"column":6},"end":{"line":120,"column":44}},"56":{"start":{"line":124,"column":20},"end":{"line":124,"column":122}},"57":{"start":{"line":125,"column":19},"end":{"line":125,"column":24}},"58":{"start":{"line":127,"column":3},"end":{"line":132,"column":4}},"59":{"start":{"line":128,"column":4},"end":{"line":128,"column":23}},"60":{"start":{"line":130,"column":8},"end":{"line":132,"column":4}},"61":{"start":{"line":131,"column":4},"end":{"line":131,"column":23}},"62":{"start":{"line":134,"column":3},"end":{"line":138,"column":5}},"63":{"start":{"line":145,"column":20},"end":{"line":145,"column":28}},"64":{"start":{"line":146,"column":2},"end":{"line":152,"column":3}},"65":{"start":{"line":149,"column":3},"end":{"line":151,"column":4}},"66":{"start":{"line":150,"column":4},"end":{"line":150,"column":34}},"67":{"start":{"line":153,"column":2},"end":{"line":153,"column":33}},"68":{"start":{"line":154,"column":2},"end":{"line":154,"column":21}},"69":{"start":{"line":159,"column":2},"end":{"line":159,"column":53}},"70":{"start":{"line":164,"column":2},"end":{"line":167,"column":3}},"71":{"start":{"line":165,"column":3},"end":{"line":165,"column":23}},"72":{"start":{"line":166,"column":3},"end":{"line":166,"column":39}},"73":{"start":{"line":168,"column":2},"end":{"line":170,"column":3}},"74":{"start":{"line":169,"column":3},"end":{"line":169,"column":32}},"75":{"start":{"line":174,"column":2},"end":{"line":184,"column":3}},"76":{"start":{"line":176,"column":3},"end":{"line":176,"column":42}},"77":{"start":{"line":181,"column":3},"end":{"line":183,"column":4}},"78":{"start":{"line":182,"column":4},"end":{"line":182,"column":34}},"79":{"start":{"line":190,"column":17},"end":{"line":190,"column":19}},"80":{"start":{"line":191,"column":2},"end":{"line":195,"column":3}},"81":{"start":{"line":192,"column":3},"end":{"line":194,"column":4}},"82":{"start":{"line":193,"column":4},"end":{"line":193,"column":40}},"83":{"start":{"line":197,"column":2},"end":{"line":199,"column":3}},"84":{"start":{"line":198,"column":3},"end":{"line":198,"column":21}},"85":{"start":{"line":200,"column":2},"end":{"line":200,"column":14}},"86":{"start":{"line":207,"column":0},"end":{"line":207,"column":25}}},"fnMap":{"0":{"name":"(anonymous_0)","decl":{"start":{"line":7,"column":4},"end":{"line":7,"column":5}},"loc":{"start":{"line":7,"column":82},"end":{"line":39,"column":2}},"line":7},"1":{"name":"(anonymous_1)","decl":{"start":{"line":42,"column":1},"end":{"line":42,"column":2}},"loc":{"start":{"line":42,"column":28},"end":{"line":55,"column":2}},"line":42},"2":{"name":"(anonymous_2)","decl":{"start":{"line":56,"column":1},"end":{"line":56,"column":2}},"loc":{"start":{"line":56,"column":30},"end":{"line":63,"column":2}},"line":56},"3":{"name":"(anonymous_3)","decl":{"start":{"line":70,"column":1},"end":{"line":70,"column":2}},"loc":{"start":{"line":70,"column":29},"end":{"line":142,"column":2}},"line":70},"4":{"name":"(anonymous_4)","decl":{"start":{"line":144,"column":1},"end":{"line":144,"column":2}},"loc":{"start":{"line":144,"column":22},"end":{"line":155,"column":2}},"line":144},"5":{"name":"(anonymous_5)","decl":{"start":{"line":158,"column":1},"end":{"line":158,"column":2}},"loc":{"start":{"line":158,"column":25},"end":{"line":160,"column":2}},"line":158},"6":{"name":"(anonymous_6)","decl":{"start":{"line":163,"column":1},"end":{"line":163,"column":2}},"loc":{"start":{"line":163,"column":15},"end":{"line":171,"column":2}},"line":163},"7":{"name":"(anonymous_7)","decl":{"start":{"line":173,"column":1},"end":{"line":173,"column":2}},"loc":{"start":{"line":173,"column":18},"end":{"line":185,"column":2}},"line":173},"8":{"name":"(anonymous_8)","decl":{"start":{"line":188,"column":1},"end":{"line":188,"column":2}},"loc":{"start":{"line":188,"column":11},"end":{"line":201,"column":2}},"line":188}},"branchMap":{"0":{"loc":{"start":{"line":72,"column":2},"end":{"line":75,"column":3}},"type":"if","locations":[{"start":{"line":72,"column":2},"end":{"line":75,"column":3}},{"start":{},"end":{}}],"line":72},"1":{"loc":{"start":{"line":78,"column":2},"end":{"line":82,"column":3}},"type":"if","locations":[{"start":{"line":78,"column":2},"end":{"line":82,"column":3}},{"start":{},"end":{}}],"line":78},"2":{"loc":{"start":{"line":89,"column":3},"end":{"line":123,"column":4}},"type":"if","locations":[{"start":{"line":89,"column":3},"end":{"line":123,"column":4}},{"start":{"line":108,"column":8},"end":{"line":123,"column":4}}],"line":89},"3":{"loc":{"start":{"line":94,"column":5},"end":{"line":102,"column":6}},"type":"if","locations":[{"start":{"line":94,"column":5},"end":{"line":102,"column":6}},{"start":{"line":97,"column":10},"end":{"line":102,"column":6}}],"line":94},"4":{"loc":{"start":{"line":97,"column":10},"end":{"line":102,"column":6}},"type":"if","locations":[{"start":{"line":97,"column":10},"end":{"line":102,"column":6}},{"start":{"line":100,"column":10},"end":{"line":102,"column":6}}],"line":97},"5":{"loc":{"start":{"line":100,"column":10},"end":{"line":102,"column":6}},"type":"if","locations":[{"start":{"line":100,"column":10},"end":{"line":102,"column":6}},{"start":{},"end":{}}],"line":100},"6":{"loc":{"start":{"line":113,"column":5},"end":{"line":121,"column":6}},"type":"if","locations":[{"start":{"line":113,"column":5},"end":{"line":121,"column":6}},{"start":{"line":116,"column":10},"end":{"line":121,"column":6}}],"line":113},"7":{"loc":{"start":{"line":116,"column":10},"end":{"line":121,"column":6}},"type":"if","locations":[{"start":{"line":116,"column":10},"end":{"line":121,"column":6}},{"start":{"line":119,"column":10},"end":{"line":121,"column":6}}],"line":116},"8":{"loc":{"start":{"line":119,"column":10},"end":{"line":121,"column":6}},"type":"if","locations":[{"start":{"line":119,"column":10},"end":{"line":121,"column":6}},{"start":{},"end":{}}],"line":119},"9":{"loc":{"start":{"line":127,"column":3},"end":{"line":132,"column":4}},"type":"if","locations":[{"start":{"line":127,"column":3},"end":{"line":132,"column":4}},{"start":{"line":130,"column":8},"end":{"line":132,"column":4}}],"line":127},"10":{"loc":{"start":{"line":130,"column":8},"end":{"line":132,"column":4}},"type":"if","locations":[{"start":{"line":130,"column":8},"end":{"line":132,"column":4}},{"start":{},"end":{}}],"line":130},"11":{"loc":{"start":{"line":146,"column":2},"end":{"line":152,"column":3}},"type":"if","locations":[{"start":{"line":146,"column":2},"end":{"line":152,"column":3}},{"start":{},"end":{}}],"line":146},"12":{"loc":{"start":{"line":164,"column":2},"end":{"line":167,"column":3}},"type":"if","locations":[{"start":{"line":164,"column":2},"end":{"line":167,"column":3}},{"start":{},"end":{}}],"line":164},"13":{"loc":{"start":{"line":168,"column":2},"end":{"line":170,"column":3}},"type":"if","locations":[{"start":{"line":168,"column":2},"end":{"line":170,"column":3}},{"start":{},"end":{}}],"line":168},"14":{"loc":{"start":{"line":168,"column":6},"end":{"line":168,"column":58}},"type":"binary-expr","locations":[{"start":{"line":168,"column":6},"end":{"line":168,"column":25}},{"start":{"line":168,"column":29},"end":{"line":168,"column":58}}],"line":168},"15":{"loc":{"start":{"line":181,"column":3},"end":{"line":183,"column":4}},"type":"if","locations":[{"start":{"line":181,"column":3},"end":{"line":183,"column":4}},{"start":{},"end":{}}],"line":181},"16":{"loc":{"start":{"line":192,"column":3},"end":{"line":194,"column":4}},"type":"if","locations":[{"start":{"line":192,"column":3},"end":{"line":194,"column":4}},{"start":{},"end":{}}],"line":192},"17":{"loc":{"start":{"line":197,"column":2},"end":{"line":199,"column":3}},"type":"if","locations":[{"start":{"line":197,"column":2},"end":{"line":199,"column":3}},{"start":{},"end":{}}],"line":197}},"s":{"0":1,"1":1,"2":2,"3":2,"4":2,"5":2,"6":2,"7":2,"8":2,"9":2,"10":2,"11":2,"12":2,"13":2,"14":2,"15":2,"16":2,"17":2,"18":2,"19":2,"20":2,"21":2,"22":2,"23":3,"24":4,"25":0,"26":0,"27":1,"28":0,"29":0,"30":1,"31":1,"32":1,"33":1,"34":1,"35":1,"36":1,"37":1,"38":0,"39":0,"40":0,"41":0,"42":0,"43":0,"44":0,"45":0,"46":0,"47":1,"48":1,"49":1,"50":0,"51":0,"52":0,"53":0,"54":0,"55":0,"56":1,"57":1,"58":1,"59":1,"60":0,"61":0,"62":1,"63":4,"64":4,"65":4,"66":0,"67":4,"68":4,"69":1,"70":4,"71":1,"72":1,"73":4,"74":0,"75":0,"76":0,"77":0,"78":0,"79":0,"80":0,"81":0,"82":0,"83":0,"84":0,"85":0,"86":1},"f":{"0":2,"1":3,"2":0,"3":1,"4":4,"5":1,"6":4,"7":0,"8":0},"b":{"0":[0,1],"1":[1,0],"2":[0,1],"3":[0,0],"4":[0,0],"5":[0,0],"6":[0,0],"7":[0,0],"8":[0,0],"9":[1,0],"10":[0,0],"11":[4,0],"12":[1,3],"13":[0,4],"14":[4,3],"15":[0,0],"16":[0,0],"17":[0,0]},"_coverageSchema":"1a1c01bbd47fc00a2c39e90264f33305004495a9","hash":"e196a64b606053b79ec44d1d5a050b026ecbb96a"}
}
