TN:
SF:static\javascript\Classes\game.js
FN:5,(anonymous_0)
FN:10,(anonymous_1)
FN:35,(anonymous_2)
FNF:3
FNH:3
FNDA:1,(anonymous_0)
FNDA:1,(anonymous_1)
FNDA:1,(anonymous_2)
DA:1,1
DA:2,1
DA:6,1
DA:7,1
DA:11,1
DA:12,2
DA:26,2
DA:27,2
DA:29,2
DA:30,2
DA:36,1
DA:37,1
DA:51,1
DA:52,1
DA:54,1
DA:55,0
DA:62,1
LF:17
LH:16
BRDA:26,0,0,2
BRDA:26,0,1,0
BRDA:29,1,0,2
BRDA:29,1,1,0
BRDA:51,2,0,1
BRDA:51,2,1,0
BRDA:54,3,0,0
BRDA:54,3,1,1
BRF:8
BRH:4
end_of_record
TN:
SF:static\javascript\Classes\subAttack.js
FN:4,(anonymous_0)
FN:13,(anonymous_1)
FN:35,(anonymous_2)
FN:45,(anonymous_3)
FNF:4
FNH:4
FNDA:7,(anonymous_0)
FNDA:6,(anonymous_1)
FNDA:6,(anonymous_2)
FNDA:6,(anonymous_3)
DA:1,1
DA:5,7
DA:7,7
DA:8,7
DA:9,7
DA:10,7
DA:11,7
DA:15,6
DA:16,6
DA:17,0
DA:19,6
DA:20,6
DA:24,6
DA:25,2
DA:27,4
DA:28,4
DA:31,0
DA:36,6
DA:37,6
DA:38,2
DA:41,4
DA:46,6
DA:47,6
DA:51,6
DA:53,6
DA:54,0
DA:57,6
DA:62,1
LF:28
LH:25
BRDA:16,0,0,0
BRDA:16,0,1,6
BRDA:24,1,0,2
BRDA:24,1,1,4
BRDA:24,2,0,6
BRDA:24,2,1,6
BRDA:27,3,0,4
BRDA:27,3,1,0
BRDA:27,4,0,4
BRDA:27,4,1,0
BRDA:37,5,0,2
BRDA:37,5,1,4
BRF:12
BRH:9
end_of_record
TN:
SF:static\javascript\Classes\subCharacter.js
FN:6,(anonymous_0)
FN:25,(anonymous_1)
FN:27,(anonymous_2)
FNF:3
FNH:1
FNDA:2,(anonymous_0)
FNDA:0,(anonymous_1)
FNDA:0,(anonymous_2)
DA:1,1
DA:8,2
DA:14,2
DA:15,2
DA:27,0
DA:28,0
DA:29,0
DA:30,0
DA:31,0
DA:32,0
DA:33,0
DA:34,0
DA:36,0
DA:41,1
LF:14
LH:5
BRDA:29,0,0,0
BRDA:29,0,1,0
BRDA:32,1,0,0
BRDA:32,1,1,0
BRF:4
BRH:0
end_of_record
TN:
SF:static\javascript\Classes\subEnemy.js
FN:8,(anonymous_0)
FN:16,(anonymous_1)
FN:34,(anonymous_2)
FN:64,(anonymous_3)
FN:111,(anonymous_4)
FN:115,(anonymous_5)
FNF:6
FNH:4
FNDA:1,(anonymous_0)
FNDA:1,(anonymous_1)
FNDA:0,(anonymous_2)
FNDA:1,(anonymous_3)
FNDA:1,(anonymous_4)
FNDA:0,(anonymous_5)
DA:1,1
DA:9,1
DA:10,1
DA:17,1
DA:18,2
DA:37,0
DA:38,0
DA:39,0
DA:41,0
DA:47,0
DA:48,0
DA:49,0
DA:53,0
DA:65,1
DA:68,1
DA:72,1
DA:73,3
DA:75,3
DA:77,2
DA:79,2
DA:80,2
DA:82,3
DA:83,3
DA:87,0
DA:90,3
DA:91,3
DA:98,2
DA:99,1
DA:100,1
DA:103,1
DA:105,2
DA:106,2
DA:108,1
DA:112,1
DA:113,1
DA:116,0
DA:117,0
DA:121,1
LF:38
LH:27
BRDA:39,0,0,0
BRDA:39,0,1,0
BRDA:39,1,0,0
BRDA:39,1,1,0
BRDA:48,2,0,0
BRDA:48,2,1,0
BRDA:75,3,0,1
BRDA:75,3,1,2
BRDA:82,4,0,3
BRDA:82,4,1,0
BRDA:83,5,0,0
BRDA:83,5,1,3
BRDA:90,6,0,3
BRDA:90,6,1,0
BRDA:98,7,0,1
BRDA:98,7,1,1
BRF:16
BRH:7
end_of_record
TN:
SF:static\javascript\Classes\subSupport.js
FN:4,(anonymous_0)
FNF:1
FNH:0
FNDA:0,(anonymous_0)
DA:1,1
DA:5,0
DA:6,0
DA:7,0
DA:8,0
DA:9,0
DA:10,0
DA:14,1
LF:8
LH:2
BRF:0
BRH:0
end_of_record
TN:
SF:static\javascript\Classes\supAction.js
FN:2,(anonymous_0)
FN:7,(anonymous_1)
FN:10,(anonymous_2)
FN:13,(anonymous_3)
FNF:4
FNH:1
FNDA:7,(anonymous_0)
FNDA:0,(anonymous_1)
FNDA:0,(anonymous_2)
FNDA:0,(anonymous_3)
DA:3,7
DA:4,7
DA:5,7
DA:18,1
LF:4
LH:4
BRF:0
BRH:0
end_of_record
TN:
SF:static\javascript\Classes\supUnit.js
FN:7,(anonymous_0)
FN:42,(anonymous_1)
FN:56,(anonymous_2)
FN:70,(anonymous_3)
FN:156,(anonymous_4)
FN:171,(anonymous_5)
FN:245,(anonymous_6)
FN:250,(anonymous_7)
FN:260,(anonymous_8)
FN:275,(anonymous_9)
FNF:10
FNH:7
FNDA:3,(anonymous_0)
FNDA:5,(anonymous_1)
FNDA:0,(anonymous_2)
FNDA:1,(anonymous_3)
FNDA:11,(anonymous_4)
FNDA:11,(anonymous_5)
FNDA:1,(anonymous_6)
FNDA:11,(anonymous_7)
FNDA:0,(anonymous_8)
FNDA:0,(anonymous_9)
DA:1,1
DA:2,1
DA:9,3
DA:10,3
DA:11,3
DA:12,3
DA:13,3
DA:14,3
DA:15,3
DA:16,3
DA:17,3
DA:20,3
DA:22,3
DA:23,3
DA:26,3
DA:27,3
DA:28,3
DA:29,3
DA:30,3
DA:31,3
DA:32,3
DA:35,3
DA:36,3
DA:43,5
DA:44,7
DA:57,0
DA:58,0
DA:72,1
DA:73,0
DA:74,0
DA:77,1
DA:78,1
DA:79,1
DA:80,1
DA:81,1
DA:84,1
DA:85,1
DA:88,2
DA:90,2
DA:91,0
DA:92,0
DA:94,0
DA:95,0
DA:96,0
DA:98,0
DA:99,0
DA:101,0
DA:102,0
DA:110,2
DA:111,2
DA:113,2
DA:114,0
DA:115,0
DA:117,0
DA:118,0
DA:120,0
DA:121,0
DA:125,2
DA:126,2
DA:127,6
DA:128,6
DA:130,6
DA:131,0
DA:133,6
DA:134,2
DA:136,6
DA:141,2
DA:142,2
DA:145,0
DA:146,0
DA:147,0
DA:151,1
DA:157,11
DA:158,11
DA:160,11
DA:161,0
DA:163,11
DA:164,0
DA:167,11
DA:168,11
DA:172,11
DA:173,11
DA:176,11
DA:177,0
DA:181,11
DA:182,11
DA:183,11
DA:184,11
DA:185,11
DA:186,11
DA:187,11
DA:188,0
DA:189,0
DA:192,11
DA:193,11
DA:194,3
DA:195,3
DA:196,3
DA:199,8
DA:200,8
DA:201,8
DA:202,8
DA:203,0
DA:204,0
DA:207,8
DA:208,0
DA:209,0
DA:210,0
DA:213,8
DA:214,0
DA:215,0
DA:216,0
DA:219,8
DA:220,8
DA:224,11
DA:226,11
DA:227,8
DA:229,11
DA:232,11
DA:233,11
DA:234,11
DA:241,11
DA:246,1
DA:251,11
DA:252,2
DA:253,2
DA:255,11
DA:256,0
DA:261,0
DA:263,0
DA:268,0
DA:269,0
DA:277,0
DA:278,0
DA:279,0
DA:280,0
DA:284,0
DA:285,0
DA:287,0
DA:294,1
LF:140
LH:92
BRDA:72,0,0,0
BRDA:72,0,1,1
BRDA:78,1,0,1
BRDA:78,1,1,0
BRDA:90,2,0,0
BRDA:90,2,1,2
BRDA:95,3,0,0
BRDA:95,3,1,0
BRDA:98,4,0,0
BRDA:98,4,1,0
BRDA:101,5,0,0
BRDA:101,5,1,0
BRDA:114,6,0,0
BRDA:114,6,1,0
BRDA:117,7,0,0
BRDA:117,7,1,0
BRDA:120,8,0,0
BRDA:120,8,1,0
BRDA:130,9,0,0
BRDA:130,9,1,6
BRDA:133,10,0,2
BRDA:133,10,1,4
BRDA:141,11,0,2
BRDA:141,11,1,0
BRDA:160,12,0,0
BRDA:160,12,1,11
BRDA:163,13,0,0
BRDA:163,13,1,11
BRDA:173,14,0,11
BRDA:173,14,1,0
BRDA:188,15,0,0
BRDA:188,15,1,0
BRDA:192,16,0,11
BRDA:192,16,1,0
BRDA:193,17,0,3
BRDA:193,17,1,8
BRDA:193,18,0,11
BRDA:193,18,1,9
BRDA:203,19,0,0
BRDA:203,19,1,0
BRDA:207,20,0,0
BRDA:207,20,1,8
BRDA:207,21,0,8
BRDA:207,21,1,0
BRDA:213,22,0,0
BRDA:213,22,1,8
BRDA:213,23,0,8
BRDA:213,23,1,8
BRDA:226,24,0,8
BRDA:226,24,1,3
BRDA:226,25,0,11
BRDA:226,25,1,11
BRDA:251,26,0,2
BRDA:251,26,1,9
BRDA:255,27,0,0
BRDA:255,27,1,11
BRDA:255,28,0,11
BRDA:255,28,1,9
BRDA:268,29,0,0
BRDA:268,29,1,0
BRDA:279,30,0,0
BRDA:279,30,1,0
BRDA:284,31,0,0
BRDA:284,31,1,0
BRF:64
BRH:29
end_of_record
